         1-       two HEU spheres                                                                 
         2-       1 1 -19.1 imp:n=1                                                               
         3-       2 1 -19.1 imp:n=1                                                               
         4-       3  0 imp:n=0                                                                    
         5-       4  0 imp:n=0                                                                    
         6-       5 0 imp:n=1 $ implicit complement                                               
         7-                                                                                       
         8-       1                                                                               
         9-       2                                                                               
        10-       3                                                                               
        11-       4                                                                               
        12-       5                                                                               
        13-       6                                                                               
        14-       7                                                                               
        15-       8                                                                               
        16-       11                                                                              
        17-       12                                                                              
        18-       13                                                                              
        19-       14                                                                              
        20-       15                                                                              
        21-       16                                                                              
        22-                                                                                       
        23-       kcode 1000 1.0 10 60                                                            
        24-       ksrc  -25.0 0.0 0.0   25.0 0.0 0.0                                              
        25-       m1  92235.66c  -0.93  92238.66c  -0.07                                          
        26-       dagmc                                                                           
        27-       prdmp 2j -1                                                                     
        28-                                                                                       
 
  comment.  total fission nubar data are being used.
1cells                                                                                                  print table 60

                               atom        gram                                            neutron                                     
              cell     mat    density     density     volume       mass            pieces importance                                   

        1        1        1  4.88927E-02 1.91000E+01 5.23597E+02 1.00007E+04           0  1.0000E+00                                   
        2        2        1  4.88927E-02 1.91000E+01 5.23597E+02 1.00007E+04           0  1.0000E+00                                   
        3        3        0  0.00000E+00 0.00000E+00 5.10953E+05 0.00000E+00           0  0.0000E+00                                   
        4        4        0  0.00000E+00 0.00000E+00 4.88000E+05 0.00000E+00           0  0.0000E+00                                   
        5        5        0  0.00000E+00 0.00000E+00 1.00000E+00 0.00000E+00           0  1.0000E+00                                   

 total                                               1.00000E+06 2.00014E+04

 ***************************************************
 * Random Number Generator  =                    1 *
 * Random Number Seed       =       19073486328125 *
 * Random Number Multiplier =       19073486328125 *
 * Random Number Adder      =                    0 *
 * Random Number Bits Used  =                   48 *
 * Random Number Stride     =               152917 *
 ***************************************************

1cross-section tables                                                                                   print table 100

     table    length

                        tables from file c00740/endf66c                                                  

  92235.66c  583724  92-u-235 at 293.6K from endf-vi.5 njoy99.50        total nu                  mat9228      08/14/01
                     probability tables used from 2.2500E-03 to 2.5000E-02 mev.
  92238.66c  669744  92-u-238 at 293.6K from endf-vi.5 njoy99.50        total nu                  mat9237      08/14/01
                     probability tables used from 1.0000E-02 to 1.4903E-01 mev.

  total     1253468

 source distribution written to file test07.s        cycle=     0

 comment.
 comment. entropy of the fission source distribution will be computed
 comment.
 comment. the mesh for source entropy is based on the site coordinates
 comment.   using  4 x  4 x  4 =    64  mesh cells
 comment.
 comment.     Xmin= -4.1229E+01     Xmax=  4.0484E+01
 comment.     Ymin= -6.6744E+00     Ymax=  6.2827E+00
 comment.     Zmin= -6.2508E+00     Zmax=  5.9683E+00
 comment.
 comment. the mesh will be automatically expanded if necessary to
 comment.   encompass the entire fission source distribution
 comment.

1estimated keff results by cycle                                                                        print table 175

 cycle     1    k(collision)  0.832079    prompt removal lifetime(abs)  5.0021E-01    source points generated    822
                                          source_entropy =     3.6610E+00

 cycle     2    k(collision)  0.688247    prompt removal lifetime(abs)  3.9318E-01    source points generated    812
                                          source_entropy =     3.9749E+00

 cycle     3    k(collision)  0.616600    prompt removal lifetime(abs)  3.6524E-01    source points generated    915
                                          source_entropy =     4.1504E+00

 cycle     4    k(collision)  0.628006    prompt removal lifetime(abs)  3.5685E-01    source points generated   1043
                                          source_entropy =     4.0413E+00

 cycle     5    k(collision)  0.640961    prompt removal lifetime(abs)  3.3680E-01    source points generated   1061
                                          source_entropy =     3.9920E+00

 cycle     6    k(collision)  0.604558    prompt removal lifetime(abs)  3.4030E-01    source points generated    931
                                          source_entropy =     4.1555E+00

 cycle     7    k(collision)  0.594984    prompt removal lifetime(abs)  3.5015E-01    source points generated    967
                                          source_entropy =     4.1230E+00

 cycle     8    k(collision)  0.610993    prompt removal lifetime(abs)  3.3559E-01    source points generated   1059
                                          source_entropy =     3.9828E+00

 cycle     9    k(collision)  0.605251    prompt removal lifetime(abs)  3.3277E-01    source points generated   1026
                                          source_entropy =     4.0323E+00

 cycle    10    k(collision)  0.604467    prompt removal lifetime(abs)  3.5007E-01    source points generated    979
                                          source_entropy =     4.1242E+00

 cycle    11    k(collision)  0.631758    prompt removal lifetime(abs)  3.5111E-01    source points generated   1069
                                          source_entropy =     4.1333E+00

  estimator     cycle    12   ave of     2 cycles      combination         simple average    combined average     corr
 k(collision)      0.587443       0.609601 0.0363     k(col/abs)          0.000000 0.0000     0.000000 0.0000   0.0000
 k(absorption)     0.586118       0.609498 0.0384     k(abs/tk ln)        0.000000 0.0000     0.000000 0.0000   0.0000
 k(trk length)     0.606047       0.609162 0.0051     k(tk ln/col)        0.000000 0.0000     0.000000 0.0000   0.0000
 rem life(col)   3.3730E-01     3.4443E-01 0.0207
 rem life(abs)   3.3714E-01     3.4413E-01 0.0203     life(col/abs)     0.0000E+00 0.0000   0.0000E+00 0.0000   0.0000
 source points generated    971                source_entropy  4.1991E+00

  estimator     cycle    13   ave of     3 cycles      combination         simple average    combined average     corr
 k(collision)      0.614182       0.611128 0.0211     k(col/abs)          0.611448 0.0217     0.604931 0.0210   0.9989
 k(absorption)     0.616312       0.611769 0.0224     k(abs/tk ln)        0.609263 0.0126     0.606447 0.0070   0.4576
 k(trk length)     0.601947       0.606757 0.0049     k(tk ln/col)        0.608942 0.0120     0.606426 0.0069   0.4996
 rem life(col)   3.6375E-01     3.5087E-01 0.0218
 rem life(abs)   3.6410E-01     3.5078E-01 0.0222     life(col/abs)     3.5083E-01 0.0220   3.5251E-01 0.0253   0.9997
 source points generated   1059                source_entropy  4.1438E+00

  estimator     cycle    14   ave of     4 cycles      combination         simple average    combined average     corr
 k(collision)      0.594576       0.606990 0.0165     k(col/abs)          0.607096 0.0171     0.604930 0.0119   0.9990
 k(absorption)     0.593505       0.607203 0.0176     k(abs/tk ln)        0.605561 0.0108     0.603527 0.0070   0.5895
 k(trk length)     0.595403       0.603918 0.0059     k(tk ln/col)        0.605454 0.0103     0.603529 0.0070   0.6036
 rem life(col)   3.3349E-01     3.4652E-01 0.0200     k(col/abs/tk ln)    0.606037 0.0126     0.603575 0.0099
 rem life(abs)   3.3312E-01     3.4637E-01 0.0204     life(col/abs/tl)  3.4523E-01 0.0166   3.3217E-01 0.0104
 source points generated   1014                source_entropy  4.1355E+00

  estimator     cycle    15   ave of     5 cycles      combination         simple average    combined average     corr
 k(collision)      0.593326       0.604257 0.0136     k(col/abs)          0.604502 0.0139     0.600982 0.0136   0.9978
 k(absorption)     0.594921       0.604747 0.0143     k(abs/tk ln)        0.604057 0.0088     0.603187 0.0051   0.6101
 k(trk length)     0.601163       0.603367 0.0046     k(tk ln/col)        0.603812 0.0084     0.603243 0.0051   0.6236
 rem life(col)   3.4026E-01     3.4527E-01 0.0160     k(col/abs/tk ln)    0.604124 0.0103     0.603228 0.0066
 rem life(abs)   3.4034E-01     3.4516E-01 0.0162     life(col/abs/tl)  3.4445E-01 0.0131   3.4129E-01 0.0112
 source points generated    969                source_entropy  4.0978E+00

  estimator     cycle    16   ave of     6 cycles      combination         simple average    combined average     corr
 k(collision)      0.612886       0.605695 0.0113     k(col/abs)          0.605991 0.0116     0.601609 0.0113   0.9979
 k(absorption)     0.613985       0.606286 0.0119     k(abs/tk ln)        0.605740 0.0077     0.605067 0.0053   0.5987
 k(trk length)     0.614324       0.605193 0.0048     k(tk ln/col)        0.605444 0.0074     0.605135 0.0053   0.6072
 rem life(col)   3.4048E-01     3.4447E-01 0.0133     k(col/abs/tk ln)    0.605725 0.0088     0.604535 0.0068
 rem life(abs)   3.3974E-01     3.4426E-01 0.0135     life(col/abs/tl)  3.4386E-01 0.0108   3.4128E-01 0.0090
 source points generated   1023                source_entropy  4.1402E+00

  estimator     cycle    17   ave of     7 cycles      combination         simple average    combined average     corr
 k(collision)      0.594833       0.604144 0.0099     k(col/abs)          0.603976 0.0104     0.605095 0.0095   0.9904
 k(absorption)     0.588947       0.603809 0.0109     k(abs/tk ln)        0.603493 0.0075     0.603082 0.0056   0.6676
 k(trk length)     0.591083       0.603178 0.0053     k(tk ln/col)        0.603661 0.0069     0.603107 0.0058   0.6180
 rem life(col)   3.3699E-01     3.4340E-01 0.0117     k(col/abs/tk ln)    0.603710 0.0082     0.603857 0.0050
 rem life(abs)   3.3596E-01     3.4307E-01 0.0120     life(col/abs/tl)  3.4303E-01 0.0095   3.4132E-01 0.0077
 source points generated    967                source_entropy  4.0963E+00

  estimator     cycle    18   ave of     8 cycles      combination         simple average    combined average     corr
 k(collision)      0.582944       0.601494 0.0097     k(col/abs)          0.601273 0.0101     0.602881 0.0092   0.9921
 k(absorption)     0.581756       0.601053 0.0105     k(abs/tk ln)        0.602612 0.0067     0.604093 0.0054   0.4183
 k(trk length)     0.611133       0.604172 0.0049     k(tk ln/col)        0.602833 0.0062     0.603961 0.0053   0.3643
 rem life(col)   3.4865E-01     3.4406E-01 0.0103     k(col/abs/tk ln)    0.602239 0.0075     0.604662 0.0045
 rem life(abs)   3.4862E-01     3.4377E-01 0.0106     life(col/abs/tl)  3.4380E-01 0.0085   3.4379E-01 0.0078
 source points generated    969                source_entropy  4.0799E+00

  estimator     cycle    19   ave of     9 cycles      combination         simple average    combined average     corr
 k(collision)      0.616109       0.603117 0.0089     k(col/abs)          0.602829 0.0093     0.604692 0.0089   0.9917
 k(absorption)     0.614445       0.602541 0.0096     k(abs/tk ln)        0.603722 0.0061     0.604896 0.0048   0.4590
 k(trk length)     0.610763       0.604904 0.0044     k(tk ln/col)        0.604011 0.0058     0.604816 0.0048   0.4162
 rem life(col)   3.4286E-01     3.4393E-01 0.0091     k(col/abs/tk ln)    0.603521 0.0069     0.605733 0.0045
 rem life(abs)   3.4272E-01     3.4365E-01 0.0093     life(col/abs/tl)  3.4385E-01 0.0075   3.4478E-01 0.0067
 source points generated   1065                source_entropy  4.0154E+00

  estimator     cycle    20   ave of    10 cycles      combination         simple average    combined average     corr
 k(collision)      0.614549       0.604261 0.0082     k(col/abs)          0.604151 0.0085     0.604881 0.0077   0.9910
 k(absorption)     0.617540       0.604041 0.0089     k(abs/tk ln)        0.604289 0.0056     0.604522 0.0043   0.3938
 k(trk length)     0.601230       0.604537 0.0040     k(tk ln/col)        0.604399 0.0052     0.604518 0.0042   0.3656
 rem life(col)   3.4227E-01     3.4376E-01 0.0081     k(col/abs/tk ln)    0.604279 0.0063     0.604799 0.0041
 rem life(abs)   3.4242E-01     3.4353E-01 0.0083     life(col/abs/tl)  3.4366E-01 0.0067   3.4407E-01 0.0058
 source points generated   1028                source_entropy  4.1391E+00

  estimator     cycle    21   ave of    11 cycles      combination         simple average    combined average     corr
 k(collision)      0.617166       0.605434 0.0077     k(col/abs)          0.605146 0.0079     0.606393 0.0079   0.9874
 k(absorption)     0.613044       0.604859 0.0082     k(abs/tk ln)        0.605045 0.0052     0.605222 0.0040   0.4202
 k(trk length)     0.612178       0.605232 0.0038     k(tk ln/col)        0.605333 0.0049     0.605242 0.0040   0.4134
 rem life(col)   3.5845E-01     3.4510E-01 0.0083     k(col/abs/tk ln)    0.605175 0.0059     0.605611 0.0043
 rem life(abs)   3.5866E-01     3.4490E-01 0.0085     life(col/abs/tl)  3.4497E-01 0.0072   3.4588E-01 0.0063
 source points generated    999                source_entropy  4.1201E+00

  estimator     cycle    22   ave of    12 cycles      combination         simple average    combined average     corr
 k(collision)      0.594294       0.604506 0.0072     k(col/abs)          0.604173 0.0074     0.605696 0.0074   0.9880
 k(absorption)     0.592644       0.603841 0.0077     k(abs/tk ln)        0.604391 0.0049     0.604926 0.0037   0.4360
 k(trk length)     0.601751       0.604942 0.0035     k(tk ln/col)        0.604724 0.0046     0.604925 0.0037   0.4292
 rem life(col)   3.2971E-01     3.4381E-01 0.0085     k(col/abs/tk ln)    0.604429 0.0055     0.605355 0.0039
 rem life(abs)   3.2998E-01     3.4366E-01 0.0086     life(col/abs/tl)  3.4385E-01 0.0073   3.4432E-01 0.0061
 source points generated    993                source_entropy  4.1120E+00

  estimator     cycle    23   ave of    13 cycles      combination         simple average    combined average     corr
 k(collision)      0.568627       0.601746 0.0081     k(col/abs)          0.601487 0.0082     0.602211 0.0085   0.9901
 k(absorption)     0.569880       0.601229 0.0083     k(abs/tk ln)        0.602952 0.0051     0.604748 0.0035   0.4387
 k(trk length)     0.601482       0.604675 0.0033     k(tk ln/col)        0.603210 0.0049     0.604703 0.0035   0.4264
 rem life(col)   3.3400E-01     3.4306E-01 0.0081     k(col/abs/tk ln)    0.602550 0.0060     0.604936 0.0037
 rem life(abs)   3.3404E-01     3.4292E-01 0.0082     life(col/abs/tl)  3.4319E-01 0.0070   3.4388E-01 0.0056
 source points generated    967                source_entropy  4.0856E+00

  estimator     cycle    24   ave of    14 cycles      combination         simple average    combined average     corr
 k(collision)      0.586213       0.600636 0.0077     k(col/abs)          0.600533 0.0077     0.600653 0.0080   0.9880
 k(absorption)     0.590038       0.600429 0.0078     k(abs/tk ln)        0.602428 0.0048     0.604540 0.0033   0.4513
 k(trk length)     0.601193       0.604427 0.0031     k(tk ln/col)        0.602531 0.0047     0.604508 0.0033   0.4425
 rem life(col)   3.2510E-01     3.4178E-01 0.0084     k(col/abs/tk ln)    0.601831 0.0057     0.604565 0.0034
 rem life(abs)   3.2531E-01     3.4166E-01 0.0085     life(col/abs/tl)  3.4208E-01 0.0073   3.4332E-01 0.0053
 source points generated   1054                source_entropy  4.1467E+00

  estimator     cycle    25   ave of    15 cycles      combination         simple average    combined average     corr
 k(collision)      0.599466       0.600558 0.0072     k(col/abs)          0.600480 0.0072     0.600569 0.0075   0.9879
 k(absorption)     0.600006       0.600401 0.0073     k(abs/tk ln)        0.602214 0.0045     0.604094 0.0031   0.4410
 k(trk length)     0.598428       0.604027 0.0029     k(tk ln/col)        0.602292 0.0044     0.604071 0.0031   0.4350
 rem life(col)   3.3075E-01     3.4104E-01 0.0081     k(col/abs/tk ln)    0.601662 0.0053     0.604106 0.0032
 rem life(abs)   3.3077E-01     3.4093E-01 0.0082     life(col/abs/tl)  3.4149E-01 0.0070   3.4329E-01 0.0050
 source points generated   1022                source_entropy  4.0555E+00

  estimator     cycle    26   ave of    16 cycles      combination         simple average    combined average     corr
 k(collision)      0.603420       0.600737 0.0067     k(col/abs)          0.600824 0.0068     0.600707 0.0070   0.9848
 k(absorption)     0.608572       0.600912 0.0068     k(abs/tk ln)        0.602219 0.0042     0.603479 0.0030   0.3827
 k(trk length)     0.596011       0.603526 0.0029     k(tk ln/col)        0.602131 0.0041     0.603490 0.0030   0.4029
 rem life(col)   3.4909E-01     3.4155E-01 0.0077     k(col/abs/tk ln)    0.601725 0.0050     0.603525 0.0031
 rem life(abs)   3.4957E-01     3.4147E-01 0.0078     life(col/abs/tl)  3.4197E-01 0.0067   3.4376E-01 0.0047
 source points generated    996                source_entropy  4.0686E+00

  estimator     cycle    27   ave of    17 cycles      combination         simple average    combined average     corr
 k(collision)      0.584281       0.599769 0.0065     k(col/abs)          0.599852 0.0066     0.599737 0.0067   0.9858
 k(absorption)     0.584296       0.599934 0.0066     k(abs/tk ln)        0.602011 0.0039     0.603788 0.0030   0.2702
 k(trk length)     0.613079       0.604088 0.0028     k(tk ln/col)        0.601928 0.0039     0.603783 0.0030   0.2877
 rem life(col)   3.3703E-01     3.4128E-01 0.0073     k(col/abs/tk ln)    0.601264 0.0047     0.603816 0.0031
 rem life(abs)   3.3672E-01     3.4119E-01 0.0074     life(col/abs/tl)  3.4166E-01 0.0064   3.4333E-01 0.0046
 source points generated    959                source_entropy  4.1417E+00

  estimator     cycle    28   ave of    18 cycles      combination         simple average    combined average     corr
 k(collision)      0.607570       0.600202 0.0062     k(col/abs)          0.600283 0.0062     0.600172 0.0064   0.9859
 k(absorption)     0.607652       0.600363 0.0063     k(abs/tk ln)        0.602041 0.0037     0.603417 0.0028   0.2365
 k(trk length)     0.597446       0.603719 0.0027     k(tk ln/col)        0.601961 0.0037     0.603405 0.0029   0.2526
 rem life(col)   3.3552E-01     3.4096E-01 0.0070     k(col/abs/tk ln)    0.601428 0.0045     0.603434 0.0029
 rem life(abs)   3.3565E-01     3.4089E-01 0.0070     life(col/abs/tl)  3.4134E-01 0.0061   3.4296E-01 0.0044
 source points generated   1005                source_entropy  4.1335E+00

  estimator     cycle    29   ave of    19 cycles      combination         simple average    combined average     corr
 k(collision)      0.608346       0.600631 0.0059     k(col/abs)          0.600647 0.0059     0.600630 0.0061   0.9854
 k(absorption)     0.606062       0.600663 0.0060     k(abs/tk ln)        0.602581 0.0036     0.604049 0.0030   0.2482
 k(trk length)     0.618562       0.604500 0.0029     k(tk ln/col)        0.602565 0.0036     0.604071 0.0030   0.2784
 rem life(col)   3.6099E-01     3.4201E-01 0.0073     k(col/abs/tk ln)    0.601931 0.0043     0.604104 0.0031
 rem life(abs)   3.5997E-01     3.4189E-01 0.0072     life(col/abs/tl)  3.4236E-01 0.0065   3.4344E-01 0.0051
 source points generated    955                source_entropy  4.1276E+00

  estimator     cycle    30   ave of    20 cycles      combination         simple average    combined average     corr
 k(collision)      0.613161       0.601258 0.0057     k(col/abs)          0.601351 0.0057     0.601201 0.0058   0.9851
 k(absorption)     0.616305       0.601445 0.0058     k(abs/tk ln)        0.603070 0.0035     0.604355 0.0028   0.2663
 k(trk length)     0.608389       0.604694 0.0028     k(tk ln/col)        0.602976 0.0035     0.604345 0.0029   0.2932
 rem life(col)   3.4389E-01     3.4211E-01 0.0069     k(col/abs/tk ln)    0.602466 0.0042     0.604413 0.0029
 rem life(abs)   3.4394E-01     3.4199E-01 0.0069     life(col/abs/tl)  3.4248E-01 0.0061   3.4372E-01 0.0049
 source points generated   1003                source_entropy  4.0985E+00

  estimator     cycle    31   ave of    21 cycles      combination         simple average    combined average     corr
 k(collision)      0.615354       0.601929 0.0055     k(col/abs)          0.601990 0.0055     0.601909 0.0057   0.9854
 k(absorption)     0.614187       0.602052 0.0056     k(abs/tk ln)        0.603534 0.0034     0.604734 0.0028   0.2923
 k(trk length)     0.611440       0.605016 0.0027     k(tk ln/col)        0.603472 0.0034     0.604740 0.0028   0.3215
 rem life(col)   3.5023E-01     3.4249E-01 0.0066     k(col/abs/tk ln)    0.602999 0.0041     0.604800 0.0028
 rem life(abs)   3.5013E-01     3.4238E-01 0.0066     life(col/abs/tl)  3.4275E-01 0.0059   3.4345E-01 0.0046
 source points generated    932                source_entropy  4.1169E+00

  estimator     cycle    32   ave of    22 cycles      combination         simple average    combined average     corr
 k(collision)      0.618426       0.602679 0.0054     k(col/abs)          0.602743 0.0054     0.602656 0.0055   0.9862
 k(absorption)     0.618678       0.602808 0.0055     k(abs/tk ln)        0.603701 0.0033     0.604367 0.0026   0.2148
 k(trk length)     0.595767       0.604595 0.0027     k(tk ln/col)        0.603637 0.0033     0.604357 0.0027   0.2414
 rem life(col)   3.5118E-01     3.4289E-01 0.0064     k(col/abs/tk ln)    0.603361 0.0039     0.604409 0.0027
 rem life(abs)   3.5180E-01     3.4281E-01 0.0064     life(col/abs/tl)  3.4312E-01 0.0057   3.4395E-01 0.0044
 source points generated   1001                source_entropy  4.1282E+00

  estimator     cycle    33   ave of    23 cycles      combination         simple average    combined average     corr
 k(collision)      0.630196       0.603875 0.0055     k(col/abs)          0.603884 0.0055     0.603880 0.0056   0.9871
 k(absorption)     0.627752       0.603892 0.0055     k(abs/tk ln)        0.604275 0.0033     0.604573 0.0025   0.2161
 k(trk length)     0.606017       0.604657 0.0025     k(tk ln/col)        0.604266 0.0033     0.604576 0.0025   0.2395
 rem life(col)   3.4938E-01     3.4317E-01 0.0062     k(col/abs/tk ln)    0.604141 0.0039     0.604584 0.0026
 rem life(abs)   3.4941E-01     3.4310E-01 0.0062     life(col/abs/tl)  3.4332E-01 0.0055   3.4381E-01 0.0042
 source points generated   1028                source_entropy  4.1156E+00

  estimator     cycle    34   ave of    24 cycles      combination         simple average    combined average     corr
 k(collision)      0.591513       0.603360 0.0053     k(col/abs)          0.603439 0.0053     0.603443 0.0055   0.9864
 k(absorption)     0.594893       0.603517 0.0053     k(abs/tk ln)        0.603877 0.0032     0.604156 0.0025   0.2383
 k(trk length)     0.594561       0.604236 0.0025     k(tk ln/col)        0.603798 0.0033     0.604150 0.0025   0.2713
 rem life(col)   3.3094E-01     3.4266E-01 0.0061     k(col/abs/tk ln)    0.603705 0.0039     0.604240 0.0025
 rem life(abs)   3.3094E-01     3.4259E-01 0.0061     life(col/abs/tl)  3.4277E-01 0.0055   3.4305E-01 0.0046
 source points generated    904                source_entropy  4.1181E+00

  estimator     cycle    35   ave of    25 cycles      combination         simple average    combined average     corr
 k(collision)      0.596992       0.603105 0.0051     k(col/abs)          0.603081 0.0051     0.603092 0.0053   0.9844
 k(absorption)     0.592017       0.603057 0.0052     k(abs/tk ln)        0.603732 0.0031     0.604247 0.0024   0.2172
 k(trk length)     0.608489       0.604406 0.0024     k(tk ln/col)        0.603756 0.0031     0.604270 0.0024   0.2591
 rem life(col)   3.5141E-01     3.4301E-01 0.0060     k(col/abs/tk ln)    0.603523 0.0037     0.604250 0.0024
 rem life(abs)   3.5234E-01     3.4298E-01 0.0060     life(col/abs/tl)  3.4318E-01 0.0054   3.4379E-01 0.0047
 source points generated    992                source_entropy  4.1467E+00

  estimator     cycle    36   ave of    26 cycles      combination         simple average    combined average     corr
 k(collision)      0.599761       0.602977 0.0050     k(col/abs)          0.602871 0.0050     0.602937 0.0051   0.9831
 k(absorption)     0.595471       0.602765 0.0050     k(abs/tk ln)        0.603108 0.0032     0.603327 0.0027   0.2333
 k(trk length)     0.579528       0.603450 0.0028     k(tk ln/col)        0.603213 0.0031     0.603364 0.0027   0.2387
 rem life(col)   3.2805E-01     3.4244E-01 0.0060     k(col/abs/tk ln)    0.603064 0.0036     0.603348 0.0028
 rem life(abs)   3.2783E-01     3.4240E-01 0.0060     life(col/abs/tl)  3.4257E-01 0.0055   3.4303E-01 0.0051
 source points generated    999                source_entropy  4.1114E+00

  estimator     cycle    37   ave of    27 cycles      combination         simple average    combined average     corr
 k(collision)      0.575596       0.601963 0.0051     k(col/abs)          0.601832 0.0051     0.601960 0.0052   0.9849
 k(absorption)     0.574045       0.601702 0.0051     k(abs/tk ln)        0.602030 0.0035     0.602239 0.0032   0.3726
 k(trk length)     0.573988       0.602358 0.0033     k(tk ln/col)        0.602160 0.0035     0.602283 0.0032   0.3715
 rem life(col)   3.2854E-01     3.4192E-01 0.0060     k(col/abs/tk ln)    0.602008 0.0039     0.602312 0.0033
 rem life(abs)   3.2829E-01     3.4187E-01 0.0060     life(col/abs/tl)  3.4210E-01 0.0055   3.4276E-01 0.0050
 source points generated    950                source_entropy  4.1434E+00

  estimator     cycle    38   ave of    28 cycles      combination         simple average    combined average     corr
 k(collision)      0.592896       0.601639 0.0049     k(col/abs)          0.601522 0.0049     0.601629 0.0050   0.9851
 k(absorption)     0.593372       0.601404 0.0050     k(abs/tk ln)        0.602121 0.0034     0.602535 0.0032   0.3352
 k(trk length)     0.615804       0.602839 0.0033     k(tk ln/col)        0.602239 0.0034     0.602573 0.0031   0.3312
 rem life(col)   3.5700E-01     3.4246E-01 0.0059     k(col/abs/tk ln)    0.601961 0.0038     0.602607 0.0032
 rem life(abs)   3.5645E-01     3.4240E-01 0.0060     life(col/abs/tl)  3.4265E-01 0.0055   3.4327E-01 0.0052
 source points generated   1046                source_entropy  4.0294E+00

  estimator     cycle    39   ave of    29 cycles      combination         simple average    combined average     corr
 k(collision)      0.620464       0.602288 0.0049     k(col/abs)          0.602109 0.0048     0.602164 0.0050   0.9847
 k(absorption)     0.616648       0.601930 0.0049     k(abs/tk ln)        0.602258 0.0033     0.602441 0.0030   0.3032
 k(trk length)     0.595489       0.602585 0.0032     k(tk ln/col)        0.602437 0.0033     0.602518 0.0030   0.2906
 rem life(col)   3.2288E-01     3.4178E-01 0.0061     k(col/abs/tk ln)    0.602268 0.0037     0.602573 0.0031
 rem life(abs)   3.2366E-01     3.4175E-01 0.0061     life(col/abs/tl)  3.4206E-01 0.0056   3.4296E-01 0.0051
 source points generated   1083                source_entropy  4.0551E+00

  estimator     cycle    40   ave of    30 cycles      combination         simple average    combined average     corr
 k(collision)      0.609136       0.602516 0.0047     k(col/abs)          0.602285 0.0047     0.602320 0.0048   0.9841
 k(absorption)     0.605633       0.602053 0.0047     k(abs/tk ln)        0.602489 0.0032     0.602727 0.0030   0.3057
 k(trk length)     0.612781       0.602925 0.0031     k(tk ln/col)        0.602721 0.0032     0.602831 0.0030   0.2995
 rem life(col)   3.4958E-01     3.4204E-01 0.0059     k(col/abs/tk ln)    0.602498 0.0036     0.602837 0.0031
 rem life(abs)   3.5016E-01     3.4203E-01 0.0059     life(col/abs/tl)  3.4238E-01 0.0055   3.4339E-01 0.0052
 source points generated    959                source_entropy  4.1332E+00

  estimator     cycle    41   ave of    31 cycles      combination         simple average    combined average     corr
 k(collision)      0.543084       0.600599 0.0056     k(col/abs)          0.600344 0.0056     0.600572 0.0058   0.9893
 k(absorption)     0.541186       0.600090 0.0056     k(abs/tk ln)        0.601018 0.0040     0.601775 0.0035   0.4949
 k(trk length)     0.572585       0.601946 0.0034     k(tk ln/col)        0.601273 0.0039     0.601809 0.0035   0.4880
 rem life(col)   3.1412E-01     3.4114E-01 0.0063     k(col/abs/tk ln)    0.600878 0.0044     0.601962 0.0036
 rem life(abs)   3.1289E-01     3.4109E-01 0.0064     life(col/abs/tl)  3.4145E-01 0.0060   3.4265E-01 0.0057
 source points generated    891                source_entropy  4.0802E+00

  estimator     cycle    42   ave of    32 cycles      combination         simple average    combined average     corr
 k(collision)      0.630229       0.601525 0.0056     k(col/abs)          0.601205 0.0056     0.601175 0.0058   0.9892
 k(absorption)     0.625535       0.600885 0.0056     k(abs/tk ln)        0.601545 0.0039     0.602109 0.0034   0.5073
 k(trk length)     0.610231       0.602205 0.0033     k(tk ln/col)        0.601865 0.0039     0.602153 0.0034   0.5007
 rem life(col)   3.6003E-01     3.4173E-01 0.0063     k(col/abs/tk ln)    0.601538 0.0044     0.602229 0.0035
 rem life(abs)   3.5998E-01     3.4168E-01 0.0064     life(col/abs/tl)  3.4201E-01 0.0060   3.4319E-01 0.0057
 source points generated   1166                source_entropy  4.1120E+00

  estimator     cycle    43   ave of    33 cycles      combination         simple average    combined average     corr
 k(collision)      0.573556       0.600677 0.0056     k(col/abs)          0.600416 0.0056     0.600194 0.0058   0.9893
 k(absorption)     0.576784       0.600155 0.0056     k(abs/tk ln)        0.600961 0.0039     0.601677 0.0034   0.5309
 k(trk length)     0.587749       0.601767 0.0033     k(tk ln/col)        0.601222 0.0039     0.601709 0.0034   0.5279
 rem life(col)   3.3726E-01     3.4160E-01 0.0062     k(col/abs/tk ln)    0.600866 0.0044     0.601654 0.0035
 rem life(abs)   3.3665E-01     3.4153E-01 0.0062     life(col/abs/tl)  3.4187E-01 0.0058   3.4313E-01 0.0055
 source points generated    911                source_entropy  4.1269E+00

  estimator     cycle    44   ave of    34 cycles      combination         simple average    combined average     corr
 k(collision)      0.617286       0.601166 0.0055     k(col/abs)          0.600902 0.0055     0.600671 0.0056   0.9895
 k(absorption)     0.616568       0.600637 0.0055     k(abs/tk ln)        0.601155 0.0038     0.601610 0.0033   0.5173
 k(trk length)     0.598561       0.601673 0.0032     k(tk ln/col)        0.601419 0.0038     0.601644 0.0033   0.5143
 rem life(col)   3.4595E-01     3.4173E-01 0.0060     k(col/abs/tk ln)    0.601159 0.0043     0.601588 0.0034
 rem life(abs)   3.4573E-01     3.4165E-01 0.0060     life(col/abs/tl)  3.4200E-01 0.0057   3.4327E-01 0.0054
 source points generated   1098                source_entropy  3.9695E+00

  estimator     cycle    45   ave of    35 cycles      combination         simple average    combined average     corr
 k(collision)      0.607462       0.601346 0.0054     k(col/abs)          0.601087 0.0053     0.600866 0.0055   0.9895
 k(absorption)     0.607321       0.600828 0.0053     k(abs/tk ln)        0.601217 0.0037     0.601556 0.0032   0.5139
 k(trk length)     0.599282       0.601605 0.0031     k(tk ln/col)        0.601475 0.0037     0.601589 0.0032   0.5112
 rem life(col)   3.5006E-01     3.4196E-01 0.0058     k(col/abs/tk ln)    0.601260 0.0042     0.601533 0.0033
 rem life(abs)   3.4961E-01     3.4188E-01 0.0059     life(col/abs/tl)  3.4218E-01 0.0055   3.4333E-01 0.0052
 source points generated    988                source_entropy  3.9820E+00

  estimator     cycle    46   ave of    36 cycles      combination         simple average    combined average     corr
 k(collision)      0.592831       0.601109 0.0052     k(col/abs)          0.600878 0.0052     0.600658 0.0053   0.9894
 k(absorption)     0.594303       0.600647 0.0052     k(abs/tk ln)        0.600981 0.0036     0.601271 0.0031   0.5158
 k(trk length)     0.591201       0.601316 0.0031     k(tk ln/col)        0.601212 0.0037     0.601303 0.0031   0.5152
 rem life(col)   3.2951E-01     3.4162E-01 0.0058     k(col/abs/tk ln)    0.601024 0.0041     0.601216 0.0032
 rem life(abs)   3.2956E-01     3.4154E-01 0.0058     life(col/abs/tl)  3.4180E-01 0.0055   3.4277E-01 0.0053
 source points generated    970                source_entropy  4.0261E+00

  estimator     cycle    47   ave of    37 cycles      combination         simple average    combined average     corr
 k(collision)      0.599464       0.601065 0.0051     k(col/abs)          0.600820 0.0050     0.600591 0.0052   0.9894
 k(absorption)     0.597948       0.600574 0.0050     k(abs/tk ln)        0.600881 0.0035     0.601146 0.0030   0.5161
 k(trk length)     0.596558       0.601187 0.0030     k(tk ln/col)        0.601126 0.0036     0.601179 0.0030   0.5149
 rem life(col)   3.4187E-01     3.4163E-01 0.0056     k(col/abs/tk ln)    0.600942 0.0040     0.601096 0.0031
 rem life(abs)   3.4232E-01     3.4156E-01 0.0057     life(col/abs/tl)  3.4184E-01 0.0053   3.4283E-01 0.0051
 source points generated   1024                source_entropy  3.9387E+00

  estimator     cycle    48   ave of    38 cycles      combination         simple average    combined average     corr
 k(collision)      0.587446       0.600706 0.0050     k(col/abs)          0.600446 0.0049     0.600236 0.0051   0.9895
 k(absorption)     0.585843       0.600187 0.0049     k(abs/tk ln)        0.600588 0.0035     0.600941 0.0030   0.5230
 k(trk length)     0.593715       0.600990 0.0030     k(tk ln/col)        0.600848 0.0035     0.600974 0.0030   0.5213
 rem life(col)   3.2242E-01     3.4112E-01 0.0057     k(col/abs/tk ln)    0.600628 0.0039     0.600906 0.0031
 rem life(abs)   3.2160E-01     3.4103E-01 0.0057     life(col/abs/tl)  3.4135E-01 0.0054   3.4264E-01 0.0051
 source points generated    952                source_entropy  3.9263E+00

  estimator     cycle    49   ave of    39 cycles      combination         simple average    combined average     corr
 k(collision)      0.595996       0.600586 0.0049     k(col/abs)          0.600244 0.0048     0.600114 0.0050   0.9880
 k(absorption)     0.589123       0.599903 0.0048     k(abs/tk ln)        0.600536 0.0034     0.601077 0.0029   0.5078
 k(trk length)     0.607924       0.601168 0.0029     k(tk ln/col)        0.600877 0.0034     0.601130 0.0029   0.5139
 rem life(col)   3.4444E-01     3.4120E-01 0.0055     k(col/abs/tk ln)    0.600552 0.0038     0.600961 0.0030
 rem life(abs)   3.4462E-01     3.4112E-01 0.0056     life(col/abs/tl)  3.4145E-01 0.0053   3.4272E-01 0.0050
 source points generated   1024                source_entropy  4.0708E+00

  estimator     cycle    50   ave of    40 cycles      combination         simple average    combined average     corr
 k(collision)      0.600830       0.600592 0.0047     k(col/abs)          0.600246 0.0047     0.600114 0.0049   0.9880
 k(absorption)     0.599812       0.599901 0.0047     k(abs/tk ln)        0.600489 0.0033     0.600991 0.0028   0.5071
 k(trk length)     0.597559       0.601078 0.0028     k(tk ln/col)        0.600835 0.0033     0.601045 0.0028   0.5131
 rem life(col)   3.3982E-01     3.4117E-01 0.0054     k(col/abs/tk ln)    0.600523 0.0037     0.600877 0.0030
 rem life(abs)   3.3929E-01     3.4108E-01 0.0054     life(col/abs/tl)  3.4142E-01 0.0051   3.4276E-01 0.0049
 source points generated   1014                source_entropy  4.0123E+00

  estimator     cycle    51   ave of    41 cycles      combination         simple average    combined average     corr
 k(collision)      0.597764       0.600523 0.0046     k(col/abs)          0.600158 0.0046     0.600033 0.0048   0.9879
 k(absorption)     0.595532       0.599794 0.0046     k(abs/tk ln)        0.600628 0.0032     0.601291 0.0028   0.4849
 k(trk length)     0.616808       0.601462 0.0028     k(tk ln/col)        0.600992 0.0032     0.601373 0.0028   0.4940
 rem life(col)   3.4399E-01     3.4124E-01 0.0053     k(col/abs/tk ln)    0.600593 0.0036     0.601136 0.0030
 rem life(abs)   3.4279E-01     3.4112E-01 0.0053     life(col/abs/tl)  3.4154E-01 0.0050   3.4281E-01 0.0050
 source points generated    955                source_entropy  4.0125E+00

  estimator     cycle    52   ave of    42 cycles      combination         simple average    combined average     corr
 k(collision)      0.611349       0.600781 0.0045     k(col/abs)          0.600471 0.0045     0.600483 0.0047   0.9872
 k(absorption)     0.615216       0.600161 0.0045     k(abs/tk ln)        0.600857 0.0032     0.601418 0.0028   0.4871
 k(trk length)     0.605286       0.601553 0.0028     k(tk ln/col)        0.601167 0.0032     0.601482 0.0028   0.4962
 rem life(col)   3.1986E-01     3.4073E-01 0.0054     k(col/abs/tk ln)    0.600831 0.0036     0.601334 0.0029
 rem life(abs)   3.1912E-01     3.4060E-01 0.0054     life(col/abs/tl)  3.4104E-01 0.0051   3.4256E-01 0.0051
 source points generated   1022                source_entropy  4.1494E+00

  estimator     cycle    53   ave of    43 cycles      combination         simple average    combined average     corr
 k(collision)      0.615946       0.601133 0.0045     k(col/abs)          0.600805 0.0044     0.600773 0.0046   0.9873
 k(absorption)     0.613722       0.600477 0.0045     k(abs/tk ln)        0.601120 0.0031     0.601645 0.0027   0.4949
 k(trk length)     0.610647       0.601764 0.0027     k(tk ln/col)        0.601449 0.0031     0.601710 0.0027   0.5048
 rem life(col)   3.4886E-01     3.4092E-01 0.0053     k(col/abs/tk ln)    0.601125 0.0035     0.601525 0.0028
 rem life(abs)   3.4810E-01     3.4077E-01 0.0053     life(col/abs/tl)  3.4120E-01 0.0050   3.4269E-01 0.0050
 source points generated    979                source_entropy  4.0099E+00

  estimator     cycle    54   ave of    44 cycles      combination         simple average    combined average     corr
 k(collision)      0.612871       0.601400 0.0044     k(col/abs)          0.601106 0.0044     0.601147 0.0045   0.9871
 k(absorption)     0.615240       0.600812 0.0044     k(abs/tk ln)        0.601495 0.0031     0.602043 0.0028   0.5071
 k(trk length)     0.619942       0.602177 0.0027     k(tk ln/col)        0.601789 0.0031     0.602102 0.0027   0.5116
 rem life(col)   3.5700E-01     3.4128E-01 0.0052     k(col/abs/tk ln)    0.601463 0.0035     0.602030 0.0028
 rem life(abs)   3.5560E-01     3.4111E-01 0.0053     life(col/abs/tl)  3.4153E-01 0.0050   3.4284E-01 0.0051
 source points generated   1009                source_entropy  4.0142E+00

  estimator     cycle    55   ave of    45 cycles      combination         simple average    combined average     corr
 k(collision)      0.596238       0.601285 0.0043     k(col/abs)          0.601022 0.0043     0.601042 0.0044   0.9869
 k(absorption)     0.598442       0.600759 0.0043     k(abs/tk ln)        0.601532 0.0030     0.602147 0.0027   0.5038
 k(trk length)     0.607946       0.602305 0.0027     k(tk ln/col)        0.601795 0.0030     0.602202 0.0027   0.5060
 rem life(col)   3.3643E-01     3.4118E-01 0.0051     k(col/abs/tk ln)    0.601450 0.0034     0.602157 0.0028
 rem life(abs)   3.3549E-01     3.4098E-01 0.0052     life(col/abs/tl)  3.4144E-01 0.0049   3.4284E-01 0.0050
 source points generated    995                source_entropy  4.0228E+00

  estimator     cycle    56   ave of    46 cycles      combination         simple average    combined average     corr
 k(collision)      0.602068       0.601302 0.0042     k(col/abs)          0.601082 0.0042     0.601110 0.0043   0.9863
 k(absorption)     0.605416       0.600861 0.0042     k(abs/tk ln)        0.601523 0.0030     0.602044 0.0026   0.4989
 k(trk length)     0.596794       0.602186 0.0026     k(tk ln/col)        0.601744 0.0030     0.602093 0.0026   0.5040
 rem life(col)   3.3280E-01     3.4099E-01 0.0051     k(col/abs/tk ln)    0.601450 0.0033     0.602033 0.0027
 rem life(abs)   3.3332E-01     3.4082E-01 0.0051     life(col/abs/tl)  3.4126E-01 0.0048   3.4257E-01 0.0049
 source points generated    978                source_entropy  4.0605E+00

  estimator     cycle    57   ave of    47 cycles      combination         simple average    combined average     corr
 k(collision)      0.577167       0.600789 0.0042     k(col/abs)          0.600557 0.0042     0.600618 0.0043   0.9869
 k(absorption)     0.575732       0.600326 0.0042     k(abs/tk ln)        0.601122 0.0030     0.601774 0.0026   0.5166
 k(trk length)     0.589559       0.601917 0.0026     k(tk ln/col)        0.601353 0.0030     0.601817 0.0026   0.5210
 rem life(col)   3.0913E-01     3.4032E-01 0.0053     k(col/abs/tk ln)    0.601011 0.0033     0.601774 0.0027
 rem life(abs)   3.0993E-01     3.4016E-01 0.0053     life(col/abs/tl)  3.4062E-01 0.0051   3.4184E-01 0.0051
 source points generated    985                source_entropy  4.0982E+00

  estimator     cycle    58   ave of    48 cycles      combination         simple average    combined average     corr
 k(collision)      0.620760       0.601205 0.0042     k(col/abs)          0.600998 0.0042     0.601106 0.0042   0.9871
 k(absorption)     0.622633       0.600791 0.0042     k(abs/tk ln)        0.601433 0.0030     0.601975 0.0026   0.5239
 k(trk length)     0.609498       0.602075 0.0026     k(tk ln/col)        0.601640 0.0030     0.602006 0.0026   0.5280
 rem life(col)   3.5101E-01     3.4054E-01 0.0053     k(col/abs/tk ln)    0.601357 0.0033     0.601993 0.0026
 rem life(abs)   3.5099E-01     3.4039E-01 0.0053     life(col/abs/tl)  3.4083E-01 0.0050   3.4203E-01 0.0050
 source points generated   1058                source_entropy  4.0927E+00

  estimator     cycle    59   ave of    49 cycles      combination         simple average    combined average     corr
 k(collision)      0.635002       0.601895 0.0042     k(col/abs)          0.601704 0.0042     0.601859 0.0043   0.9881
 k(absorption)     0.636173       0.601513 0.0043     k(abs/tk ln)        0.602002 0.0031     0.602444 0.0026   0.5592
 k(trk length)     0.622455       0.602491 0.0026     k(tk ln/col)        0.602193 0.0030     0.602460 0.0026   0.5619
 rem life(col)   3.4987E-01     3.4073E-01 0.0052     k(col/abs/tk ln)    0.601966 0.0034     0.602485 0.0027
 rem life(abs)   3.4980E-01     3.4058E-01 0.0052     life(col/abs/tl)  3.4100E-01 0.0049   3.4216E-01 0.0049
 source points generated    995                source_entropy  4.0679E+00

  estimator     cycle    60   ave of    50 cycles      combination         simple average    combined average     corr
 k(collision)      0.597283       0.601802 0.0041     k(col/abs)          0.601563 0.0042     0.601787 0.0042   0.9874
 k(absorption)     0.592070       0.601324 0.0042     k(abs/tk ln)        0.601789 0.0030     0.602208 0.0026   0.5626
 k(trk length)     0.590683       0.602255 0.0026     k(tk ln/col)        0.602029 0.0030     0.602228 0.0026   0.5606
 rem life(col)   3.3930E-01     3.4070E-01 0.0051     k(col/abs/tk ln)    0.601794 0.0033     0.602323 0.0027
 rem life(abs)   3.3924E-01     3.4055E-01 0.0051     life(col/abs/tl)  3.4096E-01 0.0048   3.4204E-01 0.0048
 source points generated    914                source_entropy  4.0527E+00

 source distribution written to file test07.s        cycle=    60
1problem summary (active cycles only)              source particle weight for summary table normalization =        50000.00

      run terminated when      60 kcode cycles were done.
0
 neutron creation    tracks      weight        energy            neutron loss        tracks      weight        energy
                                 (per source particle)                                           (per source particle)

 source               49974    1.0000E+00    2.0618E+00          escape               48611    7.4756E-01    1.2899E+00
                                                                 energy cutoff            0    0.            0.        
                                                                 time cutoff              0    0.            0.        
 weight window            0    0.            0.                  weight window            0    0.            0.        
 cell importance          0    0.            0.                  cell importance          0    0.            0.        
 weight cutoff            0    6.4344E-03    1.9017E-03          weight cutoff         1482    6.7761E-03    1.9072E-03
 e or t importance        0    0.            0.                  e or t importance        0    0.            0.        
 dxtran                   0    0.            0.                  dxtran                   0    0.            0.        
 forced collisions        0    0.            0.                  forced collisions        0    0.            0.        
 exp. transform           0    0.            0.                  exp. transform           0    0.            0.        
 upscattering             0    0.            0.                  downscattering           0    0.            3.6428E-01
 photonuclear             0    0.            0.                  capture                  0    2.4001E-02    1.6928E-02
 (n,xn)                 238    3.1898E-03    2.3655E-03          loss to (n,xn)         119    1.5949E-03    1.2654E-02
 prompt fission           0    0.            0.                  loss to fission          0    2.2969E-01    3.8040E-01
 delayed fission          0    0.            0.                                                                        
     total            50212    1.0096E+00    2.0661E+00              total            50212    1.0096E+00    2.0661E+00

   number of neutrons banked                     141        average time of (shakes)              cutoffs
   neutron tracks per source particle     1.0042E+00          escape            3.4383E-01          tco   1.0000E+33
   neutron collisions per source particle 2.0803E+00          capture           5.4341E-01          eco   0.0000E+00
   total neutron collisions                   104013          capture or escape 3.5004E-01          wc1  -5.0000E-01
   net multiplication              1.0016E+00 0.0001          any termination   3.5055E-01          wc2  -2.5000E-01

 computer time so far in this run     0.00 minutes            maximum number ever in bank         1
 computer time in mcrun               0.00 minutes            bank overflows to backup file       0
 source particles per minute            0.0000E+00
 random numbers generated                  1898104            most random numbers used was         363 in history       12635

 range of sampled source weights = 8.5763E-01 to 1.2315E+00
1neutron  activity in each cell                                                                         print table 126

                       tracks     population   collisions   collisions     number        flux        average      average
              cell    entering                               * weight     weighted     weighted   track weight   track mfp
                                                          (per history)    energy       energy     (relative)      (cm)

        1        1       22147        22199        46102    6.9980E-01   9.9852E-01   1.6462E+00   7.7837E-01   2.6337E+00
        2        2       27827        27894        57911    8.8014E-01   9.9180E-01   1.6538E+00   7.7813E-01   2.6334E+00
        5        5           0            0            0    0.0000E+00   0.0000E+00   0.0000E+00   0.0000E+00   0.0000E+00

           total         49974        50093       104013    1.5799E+00

 the initial fission neutron source distribution used the   2 source points that were input on the ksrc card.
 the criticality problem was scheduled to skip  10 cycles and run a total of   60 cycles with nominally     1000 neutrons per cycle.
 this problem has run  10 inactive cycles with     9636 neutron histories and   50 active cycles with       49974 neutron histories.


 this calculation has completed the requested number of keff cycles using a total of       59610 fission neutron source histories.
 all cells with fissionable material were sampled and had fission neutron source points.


 comment.
 comment. Average fission-source entropy for the last half of cycles:
 comment.      H=  4.07E+00  with population std.dev.=  6.10E-02
 comment.
 comment.
 comment. Cycle    4 is the first cycle having fission-source
 comment.   entropy within 1 std.dev. of the average
 comment.   entropy for the last half of cycles.
 comment.   At least this many cycles should be discarded.
 comment.
 comment. Source entropy convergence check passed. 
 comment.
 the results of the w test for normality applied to the individual collision, absorption, and track-length keff cycle values are:

           the k( collision) cycle values appear normally distributed at the 95 percent confidence level                       
           the k(absorption) cycle values appear normally distributed at the 95 percent confidence level                       
           the k(trk length) cycle values appear normally distributed at the 95 percent confidence level                       


 -----------------------------------------------------------------------------------------------------------------------------------
 |                                                                                                                                 |
 | the final estimated combined collision/absorption/track-length keff = 0.60232 with an estimated standard deviation of 0.00161   |
 |                                                                                                                                 |
 | the estimated 68, 95, & 99 percent keff confidence intervals are 0.60070 to 0.60394, 0.59908 to 0.60556, and 0.59800 to 0.60664 |
 |                                                                                                                                 |
 | the final combined (col/abs/tl) prompt removal lifetime = 3.4204E-09 seconds with an estimated standard deviation of 1.6403E-11 |
 |                                                                                                                                 |
 | the average neutron energy causing fission = 1.6561E+00 mev                                                                     |
 | the energy corresponding to the average neutron lethargy causing fission = 9.8517E-01 mev                                       |
 |                                                                                                                                 |
 | the percentages of fissions caused by neutrons in the thermal, intermediate, and fast neutron ranges are:                       |
 |         (<0.625 ev):   0.00%         (0.625 ev - 100 kev):   4.11%          (>100 kev):  95.89%                                 |
 |                                                                                                                                 |
 | the average fission neutrons produced per neutron absorbed (capture + fission) in all cells with fission = 2.3722E+00           |
 | the average fission neutrons produced per neutron absorbed (capture + fission) in all the geometry cells = 2.3722E+00           |
 |                                                                                                                                 |
 | the average number of neutrons produced per fission = 2.620                                                                     |
 |                                                                                                                                 |
 -----------------------------------------------------------------------------------------------------------------------------------


 the estimated average keffs, one standard deviations, and 68, 95, and 99 percent confidence intervals are:

        keff estimator       keff     standard deviation      68% confidence        95% confidence        99% confidence       corr

             collision     0.60180         0.00249          0.59930 to 0.60431    0.59680 to 0.60681    0.59513 to 0.60848
            absorption     0.60132         0.00252          0.59879 to 0.60386    0.59626 to 0.60639    0.59457 to 0.60808
          track length     0.60225         0.00156          0.60069 to 0.60382    0.59912 to 0.60539    0.59808 to 0.60643
            col/absorp     0.60179         0.00255          0.59922 to 0.60435    0.59665 to 0.60692    0.59494 to 0.60864    0.9874
           abs/trk len     0.60221         0.00158          0.60062 to 0.60379    0.59904 to 0.60538    0.59798 to 0.60643    0.5626
           col/trk len     0.60223         0.00157          0.60065 to 0.60381    0.59907 to 0.60539    0.59801 to 0.60644    0.5606
       col/abs/trk len     0.60232         0.00161          0.60070 to 0.60394    0.59908 to 0.60556    0.59800 to 0.60664


 if the largest of each keff occurred on the next cycle, the keff results and 68, 95, and 99 percent confidence intervals would be:

        keff estimator       keff     standard deviation      68% confidence        95% confidence        99% confidence

             collision     0.60245         0.00253          0.59991 to 0.60499    0.59738 to 0.60753    0.59569 to 0.60922
            absorption     0.60201         0.00256          0.59943 to 0.60458    0.59686 to 0.60716    0.59514 to 0.60887
          track length     0.60265         0.00158          0.60106 to 0.60424    0.59948 to 0.60582    0.59842 to 0.60688
       col/abs/trk len     0.60277         0.00163          0.60114 to 0.60441    0.59950 to 0.60604    0.59841 to 0.60713


 the estimated average prompt removal lifetimes, one standard deviations, and 68, 95, and 99 percent confidence intervals are (sec):

       estimator      lifetime     std. dev.         68% confidence           95% confidence           99% confidence           corr

       collision   3.40701E-09   1.73067E-11    3.3896E-09 to 3.4244E-09 3.3722E-09 to 3.4418E-09 3.3607E-09 to 3.4534E-09
      absorption   3.40551E-09   1.73142E-11    3.3881E-09 to 3.4229E-09 3.3707E-09 to 3.4403E-09 3.3591E-09 to 3.4519E-09
    track length   3.41627E-09   1.53270E-11    3.4009E-09 to 3.4317E-09 3.3855E-09 to 3.4471E-09 3.3752E-09 to 3.4573E-09
      col/absorp   3.40658E-09   1.81413E-11    3.3884E-09 to 3.4248E-09 3.3701E-09 to 3.4431E-09 3.3579E-09 to 3.4553E-09    0.9990
     abs/trk len   3.42097E-09   1.57792E-11    3.4051E-09 to 3.4368E-09 3.3892E-09 to 3.4527E-09 3.3786E-09 to 3.4633E-09    0.9422
     col/trk len   3.42037E-09   1.56476E-11    3.4046E-09 to 3.4361E-09 3.3889E-09 to 3.4518E-09 3.3784E-09 to 3.4624E-09    0.9428
 col/abs/trk len   3.42038E-09   1.64035E-11    3.4039E-09 to 3.4369E-09 3.3874E-09 to 3.4534E-09 3.3764E-09 to 3.4644E-09

 absorption estimates of prompt lifetimes (sec):

                             escape        capture        fission        removal

            fraction    7.46627E-01    2.39714E-02    2.29401E-01    1.00000E+00
       lifetime(abs)    4.56119E-09    1.42065E-07    1.48452E-08    3.40551E-09
     lifetime(c/a/t)    4.58110E-09    1.42686E-07    1.49100E-08    3.42038E-09

1average individual and combined collision/absorption/track-length keff results for  4 different batch sizes

 cycles per  number of    average keff estimators and deviations      normality  average k(c/a/t)    k(c/a/t) confidence intervals
 keff batch  k batches  k(col) st dev  k(abs) st dev  k(trk) st dev   co/ab/trk  k(c/a/t) st dev    95% confidence    99% confidence

       1         50  |  0.6018 0.0025  0.6013 0.0025  0.6023 0.0016  |95/95/95|  0.60232 0.00161   0.59908-0.60556   0.59800-0.60664
       2         25  |  0.6018 0.0021  0.6013 0.0022  0.6023 0.0013  |95/95/95|  0.60246 0.00137   0.59962-0.60530   0.59860-0.60632
       5         10  |  0.6018 0.0019  0.6013 0.0020  0.6023 0.0017  |95/95/95|  0.60375 0.00151   0.60018-0.60732   0.59847-0.60903
      10          5  |  0.6018 0.0023  0.6013 0.0024  0.6023 0.0021  |95/95/95|  0.60567 0.00064   0.60291-0.60844   0.59930-0.61205
1individual and average keff estimator results by cycle

  keff     neutron    keff estimators by cycle           average keff estimators and deviations                average k(c/a/t)
 cycle   histories   k(coll)  k(abs)  k(track)     k(coll)  st dev    k(abs)  st dev   k(track) st dev    k(c/a/t)  st dev    fom

     1        1000 | 0.83208  0.82840  0.80746  | 
     2         822 | 0.68825  0.69316  0.69388  | 
     3         812 | 0.61660  0.61769  0.63373  | 
     4         915 | 0.62801  0.63260  0.61115  | 
     5        1043 | 0.64096  0.63870  0.60826  | 
     6        1061 | 0.60456  0.60503  0.60211  | 
     7         931 | 0.59498  0.58977  0.60424  | 
     8         967 | 0.61099  0.60828  0.60134  | 
     9        1059 | 0.60525  0.60360  0.60393  | 
    10        1026 | 0.60447  0.60447  0.61457  | 
 -------------------  begin active keff cycles  ------------------------------------------------------------------------------------
    11         979 | 0.63176  0.63288  0.61228  | 
    12        1069 | 0.58744  0.58612  0.60605  |  0.60960 0.02216   0.60950 0.02338   0.60916 0.00311  | 
    13         971 | 0.61418  0.61631  0.60195  |  0.61113 0.01288   0.61177 0.01369   0.60676 0.00300  | 
    14        1059 | 0.59458  0.59350  0.59540  |  0.60699 0.01001   0.60720 0.01070   0.60392 0.00354  |  0.60357 0.00595          
    15        1014 | 0.59333  0.59492  0.60116  |  0.60426 0.00822   0.60475 0.00865   0.60337 0.00280  |  0.60323 0.00400          
    16         969 | 0.61289  0.61399  0.61432  |  0.60570 0.00686   0.60629 0.00723   0.60519 0.00293  |  0.60454 0.00410          
    17        1023 | 0.59483  0.58895  0.59108  |  0.60414 0.00600   0.60381 0.00659   0.60318 0.00319  |  0.60386 0.00299          
    18         967 | 0.58294  0.58176  0.61113  |  0.60149 0.00584   0.60105 0.00634   0.60417 0.00294  |  0.60466 0.00275          
    19         969 | 0.61611  0.61444  0.61076  |  0.60312 0.00540   0.60254 0.00578   0.60490 0.00269  |  0.60573 0.00272          
    20        1065 | 0.61455  0.61754  0.60123  |  0.60426 0.00496   0.60404 0.00539   0.60454 0.00244  |  0.60480 0.00247          
 -----------------------------------------------------------------------------------------------------------------------------------
    21        1028 | 0.61717  0.61304  0.61218  |  0.60543 0.00464   0.60486 0.00494   0.60523 0.00231  |  0.60561 0.00257          
    22         999 | 0.59429  0.59264  0.60175  |  0.60451 0.00433   0.60384 0.00462   0.60494 0.00213  |  0.60536 0.00237          
    23         993 | 0.56863  0.56988  0.60148  |  0.60175 0.00485   0.60123 0.00499   0.60468 0.00198  |  0.60494 0.00221          
    24         967 | 0.58621  0.59004  0.60119  |  0.60064 0.00462   0.60043 0.00469   0.60443 0.00185  |  0.60456 0.00206          
    25        1054 | 0.59947  0.60001  0.59843  |  0.60056 0.00431   0.60040 0.00437   0.60403 0.00176  |  0.60411 0.00196          
    26        1022 | 0.60342  0.60857  0.59601  |  0.60074 0.00403   0.60091 0.00412   0.60353 0.00172  |  0.60352 0.00189          
    27         996 | 0.58428  0.58430  0.61308  |  0.59977 0.00391   0.59993 0.00399   0.60409 0.00171  |  0.60382 0.00189          
    28         959 | 0.60757  0.60765  0.59745  |  0.60020 0.00371   0.60036 0.00378   0.60372 0.00166  |  0.60343 0.00178          
    29        1005 | 0.60835  0.60606  0.61856  |  0.60063 0.00354   0.60066 0.00359   0.60450 0.00175  |  0.60410 0.00186          
    30         955 | 0.61316  0.61631  0.60839  |  0.60126 0.00341   0.60145 0.00350   0.60469 0.00167  |  0.60441 0.00178          
 -----------------------------------------------------------------------------------------------------------------------------------
    31        1003 | 0.61535  0.61419  0.61144  |  0.60193 0.00331   0.60205 0.00338   0.60502 0.00162  |  0.60480 0.00172          
    32         932 | 0.61843  0.61868  0.59577  |  0.60268 0.00325   0.60281 0.00331   0.60460 0.00160  |  0.60441 0.00164          
    33        1001 | 0.63020  0.62775  0.60602  |  0.60388 0.00333   0.60389 0.00334   0.60466 0.00153  |  0.60458 0.00156          
    34        1028 | 0.59151  0.59489  0.59456  |  0.60336 0.00323   0.60352 0.00322   0.60424 0.00153  |  0.60424 0.00154          
    35         904 | 0.59699  0.59202  0.60849  |  0.60311 0.00310   0.60306 0.00313   0.60441 0.00148  |  0.60425 0.00147          
    36         992 | 0.59976  0.59547  0.57953  |  0.60298 0.00299   0.60277 0.00302   0.60345 0.00171  |  0.60335 0.00169          
    37         999 | 0.57560  0.57405  0.57399  |  0.60196 0.00305   0.60170 0.00309   0.60236 0.00197  |  0.60231 0.00198          
    38         950 | 0.59290  0.59337  0.61580  |  0.60164 0.00295   0.60140 0.00299   0.60284 0.00196  |  0.60261 0.00194          
    39        1046 | 0.62046  0.61665  0.59549  |  0.60229 0.00292   0.60193 0.00294   0.60259 0.00191  |  0.60257 0.00187          
    40        1083 | 0.60914  0.60563  0.61278  |  0.60252 0.00283   0.60205 0.00284   0.60293 0.00188  |  0.60284 0.00185          
 -----------------------------------------------------------------------------------------------------------------------------------
    41         959 | 0.54308  0.54119  0.57259  |  0.60060 0.00334   0.60009 0.00338   0.60195 0.00206  |  0.60196 0.00215          
    42         891 | 0.63023  0.62553  0.61023  |  0.60152 0.00337   0.60089 0.00336   0.60221 0.00201  |  0.60223 0.00213          
    43        1166 | 0.57356  0.57678  0.58775  |  0.60068 0.00337   0.60015 0.00334   0.60177 0.00200  |  0.60165 0.00210          
    44         911 | 0.61729  0.61657  0.59856  |  0.60117 0.00331   0.60064 0.00328   0.60167 0.00194  |  0.60159 0.00204          
    45        1098 | 0.60746  0.60732  0.59928  |  0.60135 0.00322   0.60083 0.00319   0.60160 0.00189  |  0.60153 0.00197          
    46         988 | 0.59283  0.59430  0.59120  |  0.60111 0.00314   0.60065 0.00310   0.60132 0.00186  |  0.60122 0.00193          
    47         970 | 0.59946  0.59795  0.59656  |  0.60106 0.00305   0.60057 0.00302   0.60119 0.00181  |  0.60110 0.00189          
    48        1024 | 0.58745  0.58584  0.59371  |  0.60071 0.00299   0.60019 0.00296   0.60099 0.00177  |  0.60091 0.00185          
    49         952 | 0.59600  0.58912  0.60792  |  0.60059 0.00291   0.59990 0.00290   0.60117 0.00174  |  0.60096 0.00183          
    50        1024 | 0.60083  0.59981  0.59756  |  0.60059 0.00284   0.59990 0.00283   0.60108 0.00169  |  0.60088 0.00178          
 -----------------------------------------------------------------------------------------------------------------------------------
    51        1014 | 0.59776  0.59553  0.61681  |  0.60052 0.00277   0.59979 0.00276   0.60146 0.00170  |  0.60114 0.00178          
    52         955 | 0.61135  0.61522  0.60529  |  0.60078 0.00272   0.60016 0.00272   0.60155 0.00166  |  0.60133 0.00173          
    53        1022 | 0.61595  0.61372  0.61065  |  0.60113 0.00268   0.60048 0.00267   0.60176 0.00163  |  0.60152 0.00171          
    54         979 | 0.61287  0.61524  0.61994  |  0.60140 0.00263   0.60081 0.00263   0.60218 0.00165  |  0.60203 0.00171          
    55        1009 | 0.59624  0.59844  0.60795  |  0.60129 0.00257   0.60076 0.00257   0.60231 0.00162  |  0.60216 0.00167          
    56         995 | 0.60207  0.60542  0.59679  |  0.60130 0.00252   0.60086 0.00252   0.60219 0.00159  |  0.60203 0.00163          
    57         978 | 0.57717  0.57573  0.58956  |  0.60079 0.00251   0.60033 0.00252   0.60192 0.00157  |  0.60177 0.00163          
    58         985 | 0.62076  0.62263  0.60950  |  0.60120 0.00250   0.60079 0.00251   0.60207 0.00155  |  0.60199 0.00159          
    59        1058 | 0.63500  0.63617  0.62246  |  0.60189 0.00254   0.60151 0.00257   0.60249 0.00157  |  0.60248 0.00162          
    60         995 | 0.59728  0.59207  0.59068  |  0.60180 0.00249   0.60132 0.00252   0.60225 0.00156  |  0.60232 0.00161          
 -----------------------------------------------------------------------------------------------------------------------------------


  the largest active cycle keffs by estimator are:                               the smallest active cycle keffs by estimator are:

                   collision 0.63500 on cycle  59                                                  collision 0.54308 on cycle  41
                  absorption 0.63617 on cycle  59                                                 absorption 0.54119 on cycle  41
                track length 0.62246 on cycle  59                                               track length 0.57259 on cycle  41
1individual and collision/absorption/track-length keffs for different numbers of inactive cycles skipped for fission source settling

   skip  active     active    average keff estimators and deviations     normality average k(c/a/t)   k(c/a/t) confidence intervals
  cycles cycles   neutrons  k(col) st dev  k(abs) st dev  k(trk) st dev  co/ab/tl  k(c/a/t) st dev   95% confidence   99% confidence

     0     60        59610| 0.6086 0.0046  0.6081 0.0046  0.6082 0.0040 |no/no/no| 0.60817 0.00405  0.60005-0.61629  0.59737-0.61897
     1     59        58610| 0.6048 0.0027  0.6044 0.0028  0.6048 0.0021 |no/no/no| 0.60540 0.00210  0.60120-0.60960  0.59981-0.61099
     2     58        57788| 0.6034 0.0023  0.6029 0.0024  0.6033 0.0015 |95/95/95| 0.60350 0.00151  0.60047-0.60652  0.59947-0.60752
     3     57        56976| 0.6031 0.0023  0.6026 0.0024  0.6028 0.0014 |95/95/95| 0.60293 0.00144  0.60003-0.60582  0.59908-0.60678
     4     56        56061| 0.6027 0.0023  0.6021 0.0024  0.6026 0.0014 |95/95/95| 0.60273 0.00147  0.59978-0.60568  0.59880-0.60666
     5     55        55018| 0.6020 0.0023  0.6014 0.0023  0.6025 0.0014 |95/95/95| 0.60260 0.00149  0.59961-0.60559  0.59861-0.60658
     6     54        53957| 0.6020 0.0023  0.6013 0.0023  0.6025 0.0015 |95/95/95| 0.60261 0.00152  0.59955-0.60566  0.59854-0.60667
     7     53        53026| 0.6021 0.0024  0.6016 0.0024  0.6025 0.0015 |95/95/95| 0.60258 0.00154  0.59949-0.60567  0.59846-0.60670
     8     52        52059| 0.6019 0.0024  0.6014 0.0024  0.6025 0.0015 |95/95/95| 0.60258 0.00157  0.59943-0.60573  0.59838-0.60678
     9     51        51000| 0.6019 0.0024  0.6014 0.0025  0.6025 0.0015 |95/95/95| 0.60255 0.00160  0.59934-0.60576  0.59827-0.60683
    10     50*       49974| 0.6018 0.0025  0.6013 0.0025  0.6023 0.0016 |95/95/95| 0.60232 0.00161  0.59908-0.60556  0.59800-0.60664
 -----------------------------------------------------------------------------------------------------------------------------------
    11     49        48995| 0.6012 0.0025  0.6007 0.0025  0.6021 0.0016 |95/95/95| 0.60205 0.00163  0.59877-0.60534  0.59767-0.60644
    12     48        47926| 0.6015 0.0025  0.6010 0.0025  0.6020 0.0016 |95/95/95| 0.60201 0.00166  0.59866-0.60535  0.59754-0.60647
    13     47        46955| 0.6012 0.0025  0.6007 0.0026  0.6020 0.0016 |95/95/95| 0.60199 0.00171  0.59855-0.60543  0.59740-0.60658
    14     46        45896| 0.6014 0.0026  0.6008 0.0026  0.6021 0.0017 |95/95/95| 0.60213 0.00174  0.59863-0.60563  0.59745-0.60681
    15     45        44882| 0.6015 0.0026  0.6009 0.0027  0.6021 0.0017 |95/95/95| 0.60217 0.00178  0.59858-0.60576  0.59737-0.60697
    16     44        43913| 0.6013 0.0027  0.6006 0.0027  0.6019 0.0017 |95/95/95| 0.60187 0.00180  0.59823-0.60551  0.59700-0.60674
    17     43        42890| 0.6014 0.0027  0.6009 0.0028  0.6021 0.0017 |95/95/95| 0.60202 0.00181  0.59835-0.60569  0.59711-0.60693
    18     42        41923| 0.6019 0.0028  0.6014 0.0028  0.6019 0.0018 |95/95/95| 0.60187 0.00184  0.59814-0.60560  0.59687-0.60687
    19     41        40954| 0.6015 0.0028  0.6011 0.0028  0.6017 0.0018 |95/95/95| 0.60166 0.00187  0.59787-0.60545  0.59658-0.60674
    20     40        39889| 0.6012 0.0029  0.6006 0.0029  0.6017 0.0019 |95/95/95| 0.60165 0.00193  0.59773-0.60557  0.59639-0.60690
 -----------------------------------------------------------------------------------------------------------------------------------
    21     39        38861| 0.6008 0.0029  0.6003 0.0029  0.6014 0.0019 |95/95/95| 0.60143 0.00195  0.59746-0.60539  0.59611-0.60674
    22     38        37862| 0.6009 0.0030  0.6005 0.0030  0.6014 0.0019 |95/95/95| 0.60142 0.00200  0.59736-0.60549  0.59597-0.60688
    23     37        36869| 0.6018 0.0029  0.6014 0.0030  0.6014 0.0020 |95/95/95| 0.60149 0.00206  0.59730-0.60568  0.59587-0.60711
    24     36        35902| 0.6023 0.0030  0.6017 0.0030  0.6014 0.0020 |95/95/95| 0.60156 0.00214  0.59721-0.60591  0.59571-0.60740
    25     35        34848| 0.6023 0.0031  0.6017 0.0031  0.6015 0.0021 |95/95/95| 0.60166 0.00220  0.59717-0.60614  0.59562-0.60769
    26     34        33826| 0.6023 0.0032  0.6015 0.0032  0.6017 0.0022 |95/95/95| 0.60193 0.00230  0.59724-0.60662  0.59562-0.60824
    27     33        32830| 0.6028 0.0032  0.6020 0.0033  0.6013 0.0022 |95/95/95| 0.60157 0.00236  0.59675-0.60640  0.59508-0.60807
    28     32        31871| 0.6027 0.0033  0.6019 0.0034  0.6014 0.0023 |95/95/95| 0.60170 0.00243  0.59672-0.60668  0.59499-0.60841
    29     31        30866| 0.6025 0.0034  0.6017 0.0035  0.6009 0.0023 |95/95/95| 0.60117 0.00243  0.59620-0.60615  0.59447-0.60788
    30     30        29911| 0.6022 0.0035  0.6012 0.0035  0.6006 0.0023 |95/95/95| 0.60089 0.00253  0.59569-0.60609  0.59387-0.60792
 -----------------------------------------------------------------------------------------------------------------------------------
    31     29        28908| 0.6017 0.0036  0.6008 0.0036  0.6003 0.0024 |95/95/95| 0.60053 0.00258  0.59522-0.60585  0.59335-0.60772
    32     28        27976| 0.6011 0.0037  0.6002 0.0037  0.6004 0.0025 |95/95/95| 0.60074 0.00268  0.59523-0.60625  0.59328-0.60820
    33     27        26975| 0.6000 0.0037  0.5991 0.0037  0.6002 0.0025 |95/95/95| 0.60055 0.00275  0.59487-0.60624  0.59285-0.60826
    34     26        25947| 0.6004 0.0038  0.5993 0.0038  0.6004 0.0026 |95/95/95| 0.60099 0.00290  0.59499-0.60700  0.59284-0.60914
    35     25        25043| 0.6005 0.0039  0.5996 0.0040  0.6001 0.0027 |95/95/95| 0.60078 0.00294  0.59468-0.60688  0.59249-0.60907
    36     24        24051| 0.6005 0.0041  0.5998 0.0042  0.6010 0.0027 |95/95/95| 0.60135 0.00288  0.59535-0.60735  0.59318-0.60952
    37     23        23052| 0.6016 0.0041  0.6009 0.0042  0.6021 0.0025 |95/95/95| 0.60244 0.00270  0.59681-0.60807  0.59476-0.61012
    38     22        22102| 0.6020 0.0043  0.6012 0.0044  0.6015 0.0026 |95/95/95| 0.60158 0.00269  0.59595-0.60722  0.59388-0.60929
    39     21        21056| 0.6011 0.0044  0.6005 0.0045  0.6018 0.0027 |95/95/95| 0.60202 0.00272  0.59630-0.60774  0.59419-0.60986
    40     20        19973| 0.6007 0.0046  0.6002 0.0047  0.6012 0.0027 |95/95/95| 0.60153 0.00276  0.59572-0.60735  0.59354-0.60953
 -----------------------------------------------------------------------------------------------------------------------------------
    41     19        19014| 0.6038 0.0037  0.6033 0.0038  0.6028 0.0024 |95/95/95| 0.60270 0.00259  0.59721-0.60819  0.59514-0.61026
    42     18        18123| 0.6023 0.0036  0.6021 0.0038  0.6023 0.0025 |95/95/95| 0.60240 0.00268  0.59669-0.60810  0.59451-0.61028
    43     17        16957| 0.6040 0.0034  0.6036 0.0037  0.6032 0.0025 |95/95/95| 0.60367 0.00263  0.59802-0.60932  0.59583-0.61152
    44     16        16046| 0.6032 0.0035  0.6028 0.0038  0.6035 0.0027 |95/95/95| 0.60375 0.00279  0.59772-0.60979  0.59534-0.61217
    45     15        14948| 0.6029 0.0037  0.6025 0.0040  0.6038 0.0028 |95/95/95| 0.60397 0.00300  0.59744-0.61050  0.59482-0.61313
    46     14        13960| 0.6036 0.0039  0.6031 0.0043  0.6047 0.0029 |95/95/95| 0.60507 0.00304  0.59839-0.61176  0.59564-0.61451
    47     13        12990| 0.6039 0.0042  0.6035 0.0046  0.6053 0.0030 |95/95/95| 0.60559 0.00324  0.59836-0.61281  0.59531-0.61586
    48     12        11966| 0.6053 0.0043  0.6049 0.0048  0.6063 0.0031 |95/95/95| 0.60643 0.00335  0.59885-0.61402  0.59554-0.61733
    49     11        11014| 0.6061 0.0046  0.6064 0.0050  0.6061 0.0034 |95/95/95| 0.60577 0.00360  0.59746-0.61408  0.59368-0.61786
    50     10         9990| 0.6066 0.0051  0.6070 0.0055  0.6070 0.0037 |95/95/95| 0.60648 0.00397  0.59709-0.61588  0.59258-0.62039
 -----------------------------------------------------------------------------------------------------------------------------------
    51      9         8976| 0.6076 0.0056  0.6083 0.0059  0.6059 0.0039 |95/95/95| 0.60421 0.00408  0.59423-0.61420  0.58908-0.61934
    52      8         8021| 0.6072 0.0063  0.6074 0.0067  0.6059 0.0044 |95/95/95| 0.60494 0.00438  0.59368-0.61619  0.58728-0.62259
    53      7         6999| 0.6059 0.0071  0.6065 0.0076  0.6053 0.0050 |95/95/95| 0.60344 0.00493  0.58976-0.61712  0.58075-0.62612
    54      6         6020| 0.6048 0.0083  0.6051 0.0088  0.6028 0.0052 |95/95/95| 0.60121 0.00502  0.58522-0.61720  0.57186-0.63055
    55      5         5011| 0.6065 0.0100  0.6064 0.0107  0.6018 0.0063 |95/95/95| 0.59788 0.00629  0.57082-0.62494  0.53546-0.66029
    56      4         4016| 0.6076 0.0128  0.6067 0.0138  0.6030 0.0079 |95/95/95| 0.60242 0.00604  0.52562-0.67922  0.21774-0.98710
    57      3         3038| 0.6177 0.0110  0.6170 0.0130  0.6075 0.0092 |
    58      2         2053| 0.6161 0.0189  0.6141 0.0221  0.6066 0.0159 |


 the minimum estimated standard deviation for the col/abs/tl keff estimator occurs with   3 inactive cycles and   57 active cycles.


 the first active half of the problem skips 10 cycles and uses  25 active cycles; the second half skips  35 and uses  25 cycles.
 the col/abs/trk-len keff, one standard deviation, and 68, 95, and 99 percent intervals for each active half of the problem are:

              problem        keff     standard deviation       68% confidence         95% confidence         99% confidence

            first half     0.60425         0.00147           0.60275 to 0.60575     0.60120 to 0.60730     0.60010 to 0.60840
           second half     0.60078         0.00294           0.59779 to 0.60377     0.59468 to 0.60688     0.59249 to 0.60907
          final result     0.60232         0.00161           0.60070 to 0.60394     0.59908 to 0.60556     0.59800 to 0.60664

 warning.  the ratio of the estimated standard deviations for the two halves of the problem is   1.996, which appears too large.

 the first and second half values of k(collision/absorption/track length) appear to be the same at the 95 percent confidence level.
 tally data written to file test07.m

          1 warning message so far.


 run terminated when      60 kcode cycles were done.
