          Thread Name & Version = MCNP5_RSICC, 1.51
                                  _                                      
            ._ _    _  ._   ._   |_                                      
            | | |  (_  | |  |_)   _)                                     
                            |                                            
  +---------------------------------------------------------------------+
  | Copyright 2008. Los Alamos National Security, LLC.  All rights      |
  | reserved.                                                           |
  |   This material was produced under U.S. Government contract         |
  | DE-AC52-06NA25396 for Los Alamos National Laboratory, which is      |
  | operated by Los Alamos National Security, LLC, for the U.S.         |
  | Department of Los Energy. The Government is granted for itself and  |
  | others acting on its behalf a paid-up, nonexclusive, irrevocable    |
  | worldwide license in this material to reproduce, prepare derivative |
  | works, and perform publicly and display publicly. Beginning five    |
  | (5) years after 2008, subject to additional five-year worldwide     |
  | renewals, the Government is granted for itself and others acting on |
  | its behalf a paid-up, nonexclusive, irrevocable worldwide license   |
  | in this material to reproduce, prepare derivative works, distribute |
  | copies to the public, perform publicly and display publicly, and to |
  | permit others to do so. NEITHER THE UNITED STATES NOR THE UNITED    |
  | STATES DEPARTMENT OF ENERGY, NOR LOS ALAMOS NATIONAL SECURITY, LLC, |
  | NOR ANY OF THEIR EMPLOYEES, MAKES ANY WARRANTY, EXPRESS OR IMPLIED, |
  | OR ASSUMES ANY LEGAL LIABILITY OR RESPONSIBILITY FOR THE ACCURACY,  |
  | COMPLETENESS, OR USEFULNESS OF ANY INFORMATION, APPARATUS, PRODUCT, |
  | OR PROCESS DISCLOSED, OR REPRESENTS THAT ITS USE WOULD NOT INFRINGE |
  | PRIVATELY OWNED RIGHTS.                                             |
  +---------------------------------------------------------------------+
  
1mcnp     version 5     ld=10072009                     11/27/09 00:19:59 
 *************************************************************************                 probid =  11/27/09 00:19:59 
 i=ref_inp n=ref_                                                                

      1-       NP Two HEU spheres for DAGMC Benchmark                                          
      2-       1 1 -19.1 -1 imp:n=1                                                            
      3-       2 1 -19.1 -2 imp:n=1                                                            
      4-       3 0 1 2      imp:n=0                                                            
      5-                                                                                       
      6-       1 sx -25 5                                                                      
      7-       2 sx  25 5                                                                      
      8-                                                                                       
      9-       kcode 1000 1.0 10 60                                                            
     10-       ksrc -25 0.0 0.0  25 0.0 0.0                                                    
     11-       m1 92235.66c -0.93  92238.66c -0.07                                             
 
  comment.  total fission nubar data are being used.                                       
1cells                                                                                                  print table 60

                      atom        gram                                     neutron                                     
        cell  mat    density     density     volume       mass     pieces importance                                   

     1     1    1  4.88927E-02 1.91000E+01 5.23599E+02 1.00007E+04     1  1.0000E+00                                   
     2     2    1  4.88927E-02 1.91000E+01 5.23599E+02 1.00007E+04     1  1.0000E+00                                   
     3     3    0  0.00000E+00 0.00000E+00 0.00000E+00 0.00000E+00     0  0.0000E+00                                   

 total                                     1.04720E+03 2.00015E+04

 ***************************************************
 * Random Number Generator  =                    1 *
 * Random Number Seed       =       19073486328125 *
 * Random Number Multiplier =       19073486328125 *
 * Random Number Adder      =                    0 *
 * Random Number Bits Used  =                   48 *
 * Random Number Stride     =               152917 *
 ***************************************************

1cross-section tables                                                                                   print table 100

     table    length

                        tables from file c00740/endf66c                                                  

  92235.66c  583724  92-u-235 at 293.6K from endf-vi.5 njoy99.50        total nu                  mat9228      08/14/01
                     probability tables used from 2.2500E-03 to 2.5000E-02 mev.
  92238.66c  669744  92-u-238 at 293.6K from endf-vi.5 njoy99.50        total nu                  mat9237      08/14/01
                     probability tables used from 1.0000E-02 to 1.4903E-01 mev.

  total     1253468

 ***********************************************************************************************************************

 dump no.    1 on file ref_r     nps =           0     coll =              0     ctm =        0.00   nrn =              
   0

 source distribution written to file ref_s        cycle=     0
1estimated keff results by cycle                                                                        print table 175

 cycle     1    k(collision)  0.832079    prompt removal lifetime(abs)  5.0021E-01    source points generated    822
                                          source_entropy =     3.6610E+00

 cycle     2    k(collision)  0.688247    prompt removal lifetime(abs)  3.9318E-01    source points generated    812
                                          source_entropy =     3.9749E+00

 cycle     3    k(collision)  0.616600    prompt removal lifetime(abs)  3.6524E-01    source points generated    915
                                          source_entropy =     4.1504E+00

 cycle     4    k(collision)  0.628006    prompt removal lifetime(abs)  3.5685E-01    source points generated   1043
                                          source_entropy =     4.0413E+00

 cycle     5    k(collision)  0.640961    prompt removal lifetime(abs)  3.3680E-01    source points generated   1061
                                          source_entropy =     3.9920E+00

 cycle     6    k(collision)  0.604558    prompt removal lifetime(abs)  3.4030E-01    source points generated    931
                                          source_entropy =     4.1555E+00

 cycle     7    k(collision)  0.594984    prompt removal lifetime(abs)  3.5015E-01    source points generated    967
                                          source_entropy =     4.1230E+00

 cycle     8    k(collision)  0.610993    prompt removal lifetime(abs)  3.3559E-01    source points generated   1059
                                          source_entropy =     3.9828E+00

 cycle     9    k(collision)  0.605251    prompt removal lifetime(abs)  3.3277E-01    source points generated   1026
                                          source_entropy =     4.0323E+00

 cycle    10    k(collision)  0.604467    prompt removal lifetime(abs)  3.5007E-01    source points generated    979
                                          source_entropy =     4.1242E+00

 cycle    11    k(collision)  0.631758    prompt removal lifetime(abs)  3.5111E-01    source points generated   1069
                                          source_entropy =     4.1333E+00

  estimator     cycle    12   ave of     2 cycles      combination         simple average    combined average     corr
 k(collision)      0.587443       0.609601 0.0363     k(col/abs)          0.000000 0.0000     0.000000 0.0000   0.0000
 k(absorption)     0.586118       0.609498 0.0384     k(abs/tk ln)        0.000000 0.0000     0.000000 0.0000   0.0000
 k(trk length)     0.606048       0.609163 0.0051     k(tk ln/col)        0.000000 0.0000     0.000000 0.0000   0.0000
 rem life(col)   3.3730E-01     3.4443E-01 0.0207
 rem life(abs)   3.3714E-01     3.4413E-01 0.0203     life(col/abs)     0.0000E+00 0.0000   0.0000E+00 0.0000   0.0000
 source points generated    971                source_entropy  4.1991E+00

  estimator     cycle    13   ave of     3 cycles      combination         simple average    combined average     corr
 k(collision)      0.614182       0.611128 0.0211     k(col/abs)          0.611448 0.0217     0.604931 0.0210   0.9989
 k(absorption)     0.616312       0.611769 0.0224     k(abs/tk ln)        0.609263 0.0126     0.606448 0.0070   0.4576
 k(trk length)     0.601948       0.606758 0.0049     k(tk ln/col)        0.608943 0.0120     0.606427 0.0069   0.4996
 rem life(col)   3.6375E-01     3.5087E-01 0.0218
 rem life(abs)   3.6410E-01     3.5078E-01 0.0222     life(col/abs)     3.5083E-01 0.0220   3.5251E-01 0.0253   0.9997
 source points generated   1059                source_entropy  4.1438E+00

  estimator     cycle    14   ave of     4 cycles      combination         simple average    combined average     corr
 k(collision)      0.594576       0.606990 0.0165     k(col/abs)          0.607096 0.0171     0.604930 0.0119   0.9990
 k(absorption)     0.593505       0.607203 0.0176     k(abs/tk ln)        0.605561 0.0108     0.603529 0.0070   0.5895
 k(trk length)     0.595404       0.603919 0.0059     k(tk ln/col)        0.605455 0.0103     0.603530 0.0070   0.6036
 rem life(col)   3.3349E-01     3.4652E-01 0.0200     k(col/abs/tk ln)    0.606037 0.0126     0.603576 0.0099
 rem life(abs)   3.3312E-01     3.4637E-01 0.0204     life(col/abs/tl)  3.4523E-01 0.0166   3.3217E-01 0.0104
 source points generated   1014                source_entropy  4.1355E+00

  estimator     cycle    15   ave of     5 cycles      combination         simple average    combined average     corr
 k(collision)      0.593326       0.604257 0.0136     k(col/abs)          0.604502 0.0139     0.600982 0.0136   0.9978
 k(absorption)     0.594921       0.604747 0.0143     k(abs/tk ln)        0.604057 0.0088     0.603188 0.0051   0.6101
 k(trk length)     0.601164       0.603368 0.0046     k(tk ln/col)        0.603813 0.0084     0.603244 0.0051   0.6236
 rem life(col)   3.4026E-01     3.4527E-01 0.0160     k(col/abs/tk ln)    0.604124 0.0103     0.603229 0.0066
 rem life(abs)   3.4034E-01     3.4516E-01 0.0162     life(col/abs/tl)  3.4445E-01 0.0131   3.4129E-01 0.0112
 source points generated    969                source_entropy  4.0978E+00

  estimator     cycle    16   ave of     6 cycles      combination         simple average    combined average     corr
 k(collision)      0.612886       0.605695 0.0113     k(col/abs)          0.605991 0.0116     0.601609 0.0113   0.9979
 k(absorption)     0.613985       0.606286 0.0119     k(abs/tk ln)        0.605740 0.0077     0.605068 0.0053   0.5987
 k(trk length)     0.614325       0.605194 0.0048     k(tk ln/col)        0.605445 0.0074     0.605136 0.0053   0.6072
 rem life(col)   3.4048E-01     3.4447E-01 0.0133     k(col/abs/tk ln)    0.605725 0.0088     0.604536 0.0068
 rem life(abs)   3.3974E-01     3.4426E-01 0.0135     life(col/abs/tl)  3.4386E-01 0.0108   3.4128E-01 0.0090
 source points generated   1023                source_entropy  4.1402E+00

  estimator     cycle    17   ave of     7 cycles      combination         simple average    combined average     corr
 k(collision)      0.594833       0.604144 0.0099     k(col/abs)          0.603976 0.0104     0.605095 0.0095   0.9904
 k(absorption)     0.588947       0.603809 0.0109     k(abs/tk ln)        0.603494 0.0075     0.603083 0.0056   0.6676
 k(trk length)     0.591084       0.603179 0.0053     k(tk ln/col)        0.603661 0.0069     0.603108 0.0058   0.6180
 rem life(col)   3.3699E-01     3.4340E-01 0.0117     k(col/abs/tk ln)    0.603710 0.0082     0.603858 0.0050
 rem life(abs)   3.3597E-01     3.4307E-01 0.0120     life(col/abs/tl)  3.4303E-01 0.0095   3.4132E-01 0.0077
 source points generated    967                source_entropy  4.0963E+00

  estimator     cycle    18   ave of     8 cycles      combination         simple average    combined average     corr
 k(collision)      0.582944       0.601494 0.0097     k(col/abs)          0.601273 0.0101     0.602881 0.0092   0.9921
 k(absorption)     0.581756       0.601053 0.0105     k(abs/tk ln)        0.602613 0.0067     0.604094 0.0054   0.4183
 k(trk length)     0.611134       0.604173 0.0049     k(tk ln/col)        0.602833 0.0062     0.603962 0.0053   0.3643
 rem life(col)   3.4865E-01     3.4406E-01 0.0103     k(col/abs/tk ln)    0.602240 0.0075     0.604663 0.0045
 rem life(abs)   3.4862E-01     3.4377E-01 0.0106     life(col/abs/tl)  3.4380E-01 0.0085   3.4379E-01 0.0078
 source points generated    969                source_entropy  4.0799E+00

  estimator     cycle    19   ave of     9 cycles      combination         simple average    combined average     corr
 k(collision)      0.616109       0.603117 0.0089     k(col/abs)          0.602829 0.0093     0.604692 0.0089   0.9917
 k(absorption)     0.614445       0.602541 0.0096     k(abs/tk ln)        0.603723 0.0061     0.604897 0.0048   0.4590
 k(trk length)     0.610764       0.604905 0.0044     k(tk ln/col)        0.604011 0.0058     0.604817 0.0048   0.4162
 rem life(col)   3.4286E-01     3.4393E-01 0.0091     k(col/abs/tk ln)    0.603521 0.0069     0.605734 0.0045
 rem life(abs)   3.4272E-01     3.4365E-01 0.0093     life(col/abs/tl)  3.4385E-01 0.0075   3.4478E-01 0.0067
 source points generated   1065                source_entropy  4.0154E+00

  estimator     cycle    20   ave of    10 cycles      combination         simple average    combined average     corr
 k(collision)      0.614549       0.604261 0.0082     k(col/abs)          0.604151 0.0085     0.604881 0.0077   0.9910
 k(absorption)     0.617540       0.604041 0.0089     k(abs/tk ln)        0.604289 0.0056     0.604523 0.0043   0.3938
 k(trk length)     0.601231       0.604538 0.0040     k(tk ln/col)        0.604399 0.0052     0.604519 0.0042   0.3656
 rem life(col)   3.4227E-01     3.4376E-01 0.0081     k(col/abs/tk ln)    0.604280 0.0063     0.604800 0.0041
 rem life(abs)   3.4242E-01     3.4353E-01 0.0083     life(col/abs/tl)  3.4366E-01 0.0067   3.4407E-01 0.0058
 source points generated   1028                source_entropy  4.1391E+00

  estimator     cycle    21   ave of    11 cycles      combination         simple average    combined average     corr
 k(collision)      0.617166       0.605434 0.0077     k(col/abs)          0.605146 0.0079     0.606393 0.0079   0.9874
 k(absorption)     0.613044       0.604859 0.0082     k(abs/tk ln)        0.605046 0.0052     0.605223 0.0040   0.4202
 k(trk length)     0.612179       0.605233 0.0038     k(tk ln/col)        0.605333 0.0049     0.605243 0.0040   0.4134
 rem life(col)   3.5845E-01     3.4510E-01 0.0083     k(col/abs/tk ln)    0.605175 0.0059     0.605612 0.0043
 rem life(abs)   3.5866E-01     3.4490E-01 0.0085     life(col/abs/tl)  3.4497E-01 0.0072   3.4588E-01 0.0063
 source points generated    999                source_entropy  4.1201E+00

  estimator     cycle    22   ave of    12 cycles      combination         simple average    combined average     corr
 k(collision)      0.594294       0.604506 0.0072     k(col/abs)          0.604173 0.0074     0.605696 0.0074   0.9880
 k(absorption)     0.592644       0.603841 0.0077     k(abs/tk ln)        0.604392 0.0049     0.604927 0.0037   0.4360
 k(trk length)     0.601752       0.604943 0.0035     k(tk ln/col)        0.604724 0.0046     0.604926 0.0037   0.4292
 rem life(col)   3.2972E-01     3.4382E-01 0.0085     k(col/abs/tk ln)    0.604430 0.0055     0.605356 0.0039
 rem life(abs)   3.2998E-01     3.4366E-01 0.0086     life(col/abs/tl)  3.4385E-01 0.0073   3.4432E-01 0.0061
 source points generated    993                source_entropy  4.1120E+00

  estimator     cycle    23   ave of    13 cycles      combination         simple average    combined average     corr
 k(collision)      0.568627       0.601746 0.0081     k(col/abs)          0.601487 0.0082     0.602211 0.0085   0.9901
 k(absorption)     0.569880       0.601229 0.0083     k(abs/tk ln)        0.602953 0.0051     0.604749 0.0035   0.4387
 k(trk length)     0.601483       0.604676 0.0033     k(tk ln/col)        0.603211 0.0049     0.604704 0.0035   0.4264
 rem life(col)   3.3400E-01     3.4306E-01 0.0081     k(col/abs/tk ln)    0.602550 0.0060     0.604937 0.0037
 rem life(abs)   3.3404E-01     3.4292E-01 0.0082     life(col/abs/tl)  3.4319E-01 0.0070   3.4388E-01 0.0056
 source points generated    967                source_entropy  4.0856E+00

  estimator     cycle    24   ave of    14 cycles      combination         simple average    combined average     corr
 k(collision)      0.586213       0.600636 0.0077     k(col/abs)          0.600533 0.0077     0.600653 0.0080   0.9880
 k(absorption)     0.590038       0.600429 0.0078     k(abs/tk ln)        0.602428 0.0048     0.604541 0.0033   0.4513
 k(trk length)     0.601194       0.604428 0.0031     k(tk ln/col)        0.602532 0.0047     0.604509 0.0033   0.4425
 rem life(col)   3.2511E-01     3.4178E-01 0.0084     k(col/abs/tk ln)    0.601831 0.0057     0.604566 0.0034
 rem life(abs)   3.2531E-01     3.4166E-01 0.0085     life(col/abs/tl)  3.4208E-01 0.0073   3.4332E-01 0.0053
 source points generated   1054                source_entropy  4.1467E+00

  estimator     cycle    25   ave of    15 cycles      combination         simple average    combined average     corr
 k(collision)      0.599466       0.600558 0.0072     k(col/abs)          0.600480 0.0072     0.600569 0.0075   0.9879
 k(absorption)     0.600006       0.600401 0.0073     k(abs/tk ln)        0.602214 0.0045     0.604095 0.0031   0.4410
 k(trk length)     0.598429       0.604028 0.0029     k(tk ln/col)        0.602293 0.0044     0.604072 0.0031   0.4350
 rem life(col)   3.3075E-01     3.4104E-01 0.0081     k(col/abs/tk ln)    0.601662 0.0053     0.604107 0.0032
 rem life(abs)   3.3077E-01     3.4094E-01 0.0082     life(col/abs/tl)  3.4149E-01 0.0070   3.4329E-01 0.0050
 source points generated   1022                source_entropy  4.0555E+00

  estimator     cycle    26   ave of    16 cycles      combination         simple average    combined average     corr
 k(collision)      0.603420       0.600737 0.0067     k(col/abs)          0.600824 0.0068     0.600707 0.0070   0.9848
 k(absorption)     0.608572       0.600912 0.0068     k(abs/tk ln)        0.602219 0.0042     0.603480 0.0030   0.3827
 k(trk length)     0.596012       0.603527 0.0029     k(tk ln/col)        0.602132 0.0041     0.603491 0.0030   0.4029
 rem life(col)   3.4909E-01     3.4155E-01 0.0077     k(col/abs/tk ln)    0.601725 0.0050     0.603526 0.0031
 rem life(abs)   3.4957E-01     3.4147E-01 0.0078     life(col/abs/tl)  3.4197E-01 0.0067   3.4376E-01 0.0047
 source points generated    996                source_entropy  4.0686E+00

  estimator     cycle    27   ave of    17 cycles      combination         simple average    combined average     corr
 k(collision)      0.584281       0.599769 0.0065     k(col/abs)          0.599852 0.0066     0.599737 0.0067   0.9858
 k(absorption)     0.584296       0.599934 0.0066     k(abs/tk ln)        0.602012 0.0039     0.603789 0.0030   0.2702
 k(trk length)     0.613080       0.604089 0.0028     k(tk ln/col)        0.601929 0.0039     0.603784 0.0030   0.2877
 rem life(col)   3.3703E-01     3.4128E-01 0.0073     k(col/abs/tk ln)    0.601264 0.0047     0.603817 0.0031
 rem life(abs)   3.3672E-01     3.4120E-01 0.0074     life(col/abs/tl)  3.4166E-01 0.0064   3.4333E-01 0.0046
 source points generated    959                source_entropy  4.1417E+00

  estimator     cycle    28   ave of    18 cycles      combination         simple average    combined average     corr
 k(collision)      0.607570       0.600202 0.0062     k(col/abs)          0.600283 0.0062     0.600172 0.0064   0.9859
 k(absorption)     0.607652       0.600363 0.0063     k(abs/tk ln)        0.602041 0.0037     0.603418 0.0028   0.2365
 k(trk length)     0.597447       0.603720 0.0027     k(tk ln/col)        0.601961 0.0037     0.603406 0.0029   0.2526
 rem life(col)   3.3552E-01     3.4096E-01 0.0070     k(col/abs/tk ln)    0.601428 0.0045     0.603434 0.0029
 rem life(abs)   3.3565E-01     3.4089E-01 0.0070     life(col/abs/tl)  3.4134E-01 0.0061   3.4296E-01 0.0044
 source points generated   1005                source_entropy  4.1335E+00

  estimator     cycle    29   ave of    19 cycles      combination         simple average    combined average     corr
 k(collision)      0.608346       0.600631 0.0059     k(col/abs)          0.600647 0.0059     0.600630 0.0061   0.9854
 k(absorption)     0.606062       0.600663 0.0060     k(abs/tk ln)        0.602582 0.0036     0.604050 0.0030   0.2482
 k(trk length)     0.618563       0.604501 0.0029     k(tk ln/col)        0.602566 0.0036     0.604071 0.0030   0.2784
 rem life(col)   3.6099E-01     3.4201E-01 0.0073     k(col/abs/tk ln)    0.601932 0.0043     0.604105 0.0031
 rem life(abs)   3.5997E-01     3.4189E-01 0.0072     life(col/abs/tl)  3.4236E-01 0.0065   3.4344E-01 0.0051
 source points generated    955                source_entropy  4.1276E+00

  estimator     cycle    30   ave of    20 cycles      combination         simple average    combined average     corr
 k(collision)      0.613161       0.601258 0.0057     k(col/abs)          0.601351 0.0057     0.601201 0.0058   0.9851
 k(absorption)     0.616305       0.601445 0.0058     k(abs/tk ln)        0.603070 0.0035     0.604356 0.0028   0.2663
 k(trk length)     0.608390       0.604695 0.0028     k(tk ln/col)        0.602976 0.0035     0.604346 0.0029   0.2932
 rem life(col)   3.4389E-01     3.4211E-01 0.0069     k(col/abs/tk ln)    0.602466 0.0042     0.604414 0.0029
 rem life(abs)   3.4394E-01     3.4199E-01 0.0069     life(col/abs/tl)  3.4248E-01 0.0061   3.4372E-01 0.0049
 source points generated   1003                source_entropy  4.0985E+00

  estimator     cycle    31   ave of    21 cycles      combination         simple average    combined average     corr
 k(collision)      0.615354       0.601929 0.0055     k(col/abs)          0.601990 0.0055     0.601909 0.0057   0.9854
 k(absorption)     0.614187       0.602052 0.0056     k(abs/tk ln)        0.603534 0.0034     0.604734 0.0028   0.2923
 k(trk length)     0.611441       0.605017 0.0027     k(tk ln/col)        0.603473 0.0034     0.604741 0.0028   0.3215
 rem life(col)   3.5023E-01     3.4250E-01 0.0066     k(col/abs/tk ln)    0.602999 0.0041     0.604801 0.0028
 rem life(abs)   3.5013E-01     3.4238E-01 0.0066     life(col/abs/tl)  3.4275E-01 0.0059   3.4345E-01 0.0046
 source points generated    932                source_entropy  4.1169E+00

  estimator     cycle    32   ave of    22 cycles      combination         simple average    combined average     corr
 k(collision)      0.618426       0.602679 0.0054     k(col/abs)          0.602743 0.0054     0.602656 0.0055   0.9862
 k(absorption)     0.618678       0.602808 0.0055     k(abs/tk ln)        0.603702 0.0033     0.604368 0.0026   0.2148
 k(trk length)     0.595768       0.604596 0.0027     k(tk ln/col)        0.603637 0.0033     0.604358 0.0027   0.2414
 rem life(col)   3.5118E-01     3.4289E-01 0.0064     k(col/abs/tk ln)    0.603361 0.0039     0.604410 0.0027
 rem life(abs)   3.5180E-01     3.4281E-01 0.0064     life(col/abs/tl)  3.4313E-01 0.0057   3.4395E-01 0.0044
 source points generated   1001                source_entropy  4.1282E+00

  estimator     cycle    33   ave of    23 cycles      combination         simple average    combined average     corr
 k(collision)      0.630196       0.603875 0.0055     k(col/abs)          0.603884 0.0055     0.603880 0.0056   0.9871
 k(absorption)     0.627752       0.603892 0.0055     k(abs/tk ln)        0.604275 0.0033     0.604574 0.0025   0.2161
 k(trk length)     0.606018       0.604658 0.0025     k(tk ln/col)        0.604267 0.0033     0.604577 0.0025   0.2395
 rem life(col)   3.4938E-01     3.4317E-01 0.0062     k(col/abs/tk ln)    0.604142 0.0039     0.604585 0.0026
 rem life(abs)   3.4941E-01     3.4310E-01 0.0062     life(col/abs/tl)  3.4332E-01 0.0055   3.4381E-01 0.0042
 source points generated   1028                source_entropy  4.1156E+00

  estimator     cycle    34   ave of    24 cycles      combination         simple average    combined average     corr
 k(collision)      0.591513       0.603360 0.0053     k(col/abs)          0.603439 0.0053     0.603443 0.0055   0.9864
 k(absorption)     0.594893       0.603517 0.0053     k(abs/tk ln)        0.603877 0.0032     0.604157 0.0025   0.2383
 k(trk length)     0.594562       0.604237 0.0025     k(tk ln/col)        0.603799 0.0033     0.604150 0.0025   0.2713
 rem life(col)   3.3094E-01     3.4266E-01 0.0061     k(col/abs/tk ln)    0.603705 0.0039     0.604241 0.0025
 rem life(abs)   3.3094E-01     3.4259E-01 0.0061     life(col/abs/tl)  3.4277E-01 0.0055   3.4305E-01 0.0046
 source points generated    904                source_entropy  4.1181E+00

  estimator     cycle    35   ave of    25 cycles      combination         simple average    combined average     corr
 k(collision)      0.596992       0.603105 0.0051     k(col/abs)          0.603081 0.0051     0.603092 0.0053   0.9844
 k(absorption)     0.592017       0.603057 0.0052     k(abs/tk ln)        0.603732 0.0031     0.604248 0.0024   0.2172
 k(trk length)     0.608490       0.604408 0.0024     k(tk ln/col)        0.603756 0.0031     0.604271 0.0024   0.2591
 rem life(col)   3.5141E-01     3.4301E-01 0.0060     k(col/abs/tk ln)    0.603523 0.0037     0.604251 0.0024
 rem life(abs)   3.5234E-01     3.4298E-01 0.0060     life(col/abs/tl)  3.4318E-01 0.0054   3.4379E-01 0.0047
 source points generated    992                source_entropy  4.1467E+00

  estimator     cycle    36   ave of    26 cycles      combination         simple average    combined average     corr
 k(collision)      0.599761       0.602977 0.0050     k(col/abs)          0.602871 0.0050     0.602937 0.0051   0.9831
 k(absorption)     0.595471       0.602765 0.0050     k(abs/tk ln)        0.603108 0.0032     0.603328 0.0027   0.2333
 k(trk length)     0.579529       0.603451 0.0028     k(tk ln/col)        0.603214 0.0031     0.603365 0.0027   0.2387
 rem life(col)   3.2805E-01     3.4244E-01 0.0060     k(col/abs/tk ln)    0.603064 0.0036     0.603349 0.0028
 rem life(abs)   3.2783E-01     3.4240E-01 0.0060     life(col/abs/tl)  3.4257E-01 0.0055   3.4303E-01 0.0051
 source points generated    999                source_entropy  4.1114E+00

  estimator     cycle    37   ave of    27 cycles      combination         simple average    combined average     corr
 k(collision)      0.575932       0.601975 0.0051     k(col/abs)          0.601839 0.0051     0.601983 0.0052   0.9849
 k(absorption)     0.574052       0.601702 0.0051     k(abs/tk ln)        0.602041 0.0035     0.602257 0.0032   0.3712
 k(trk length)     0.574524       0.602379 0.0033     k(tk ln/col)        0.602177 0.0035     0.602302 0.0032   0.3685
 rem life(col)   3.2880E-01     3.4193E-01 0.0059     k(col/abs/tk ln)    0.602019 0.0039     0.602345 0.0033
 rem life(abs)   3.2857E-01     3.4189E-01 0.0060     life(col/abs/tl)  3.4211E-01 0.0055   3.4277E-01 0.0050
 source points generated    951                source_entropy  4.1444E+00

  estimator     cycle    38   ave of    28 cycles      combination         simple average    combined average     corr
 k(collision)      0.589533       0.601531 0.0049     k(col/abs)          0.601377 0.0050     0.601558 0.0051   0.9852
 k(absorption)     0.588278       0.601223 0.0050     k(abs/tk ln)        0.601882 0.0034     0.602299 0.0031   0.3516
 k(trk length)     0.606905       0.602541 0.0032     k(tk ln/col)        0.602036 0.0034     0.602346 0.0031   0.3502
 rem life(col)   3.4085E-01     3.4189E-01 0.0057     k(col/abs/tk ln)    0.601765 0.0038     0.602391 0.0032
 rem life(abs)   3.4048E-01     3.4184E-01 0.0058     life(col/abs/tl)  3.4208E-01 0.0053   3.4281E-01 0.0048
 source points generated   1022                source_entropy  4.1423E+00

  estimator     cycle    39   ave of    29 cycles      combination         simple average    combined average     corr
 k(collision)      0.640737       0.602883 0.0052     k(col/abs)          0.602640 0.0052     0.602506 0.0054   0.9859
 k(absorption)     0.635285       0.602397 0.0052     k(abs/tk ln)        0.602683 0.0035     0.602892 0.0031   0.4027
 k(trk length)     0.614962       0.602969 0.0031     k(tk ln/col)        0.602926 0.0036     0.602958 0.0031   0.4056
 rem life(col)   3.5516E-01     3.4235E-01 0.0057     k(col/abs/tk ln)    0.602750 0.0040     0.602854 0.0032
 rem life(abs)   3.5599E-01     3.4232E-01 0.0057     life(col/abs/tl)  3.4254E-01 0.0052   3.4323E-01 0.0047
 source points generated   1096                source_entropy  4.1514E+00

  estimator     cycle    40   ave of    30 cycles      combination         simple average    combined average     corr
 k(collision)      0.598940       0.602751 0.0051     k(col/abs)          0.602437 0.0050     0.602340 0.0053   0.9848
 k(absorption)     0.594153       0.602122 0.0051     k(abs/tk ln)        0.602491 0.0034     0.602763 0.0030   0.4057
 k(trk length)     0.599697       0.602860 0.0030     k(tk ln/col)        0.602806 0.0034     0.602846 0.0030   0.4070
 rem life(col)   3.5078E-01     3.4263E-01 0.0055     k(col/abs/tk ln)    0.602578 0.0039     0.602757 0.0031
 rem life(abs)   3.5079E-01     3.4261E-01 0.0056     life(col/abs/tl)  3.4276E-01 0.0051   3.4326E-01 0.0045
 source points generated    893                source_entropy  4.1076E+00

  estimator     cycle    41   ave of    31 cycles      combination         simple average    combined average     corr
 k(collision)      0.608002       0.602921 0.0049     k(col/abs)          0.602639 0.0049     0.602581 0.0051   0.9847
 k(absorption)     0.609400       0.602357 0.0049     k(abs/tk ln)        0.602888 0.0034     0.603257 0.0030   0.4095
 k(trk length)     0.620213       0.603420 0.0031     k(tk ln/col)        0.603170 0.0034     0.603343 0.0030   0.4046
 rem life(col)   3.5865E-01     3.4315E-01 0.0056     k(col/abs/tk ln)    0.602899 0.0038     0.603325 0.0031
 rem life(abs)   3.5774E-01     3.4309E-01 0.0056     life(col/abs/tl)  3.4324E-01 0.0051   3.4367E-01 0.0046
 source points generated   1004                source_entropy  4.1534E+00

  estimator     cycle    42   ave of    32 cycles      combination         simple average    combined average     corr
 k(collision)      0.606758       0.603040 0.0048     k(col/abs)          0.602727 0.0047     0.602650 0.0049   0.9844
 k(absorption)     0.604132       0.602413 0.0048     k(abs/tk ln)        0.602921 0.0033     0.603273 0.0029   0.4095
 k(trk length)     0.603709       0.603429 0.0030     k(tk ln/col)        0.603235 0.0033     0.603369 0.0029   0.4045
 rem life(col)   3.4614E-01     3.4324E-01 0.0054     k(col/abs/tk ln)    0.602961 0.0037     0.603346 0.0031
 rem life(abs)   3.4668E-01     3.4321E-01 0.0054     life(col/abs/tl)  3.4339E-01 0.0050   3.4396E-01 0.0045
 source points generated   1009                source_entropy  4.1342E+00

  estimator     cycle    43   ave of    33 cycles      combination         simple average    combined average     corr
 k(collision)      0.606085       0.603133 0.0046     k(col/abs)          0.602783 0.0046     0.602688 0.0048   0.9841
 k(absorption)     0.603115       0.602434 0.0046     k(abs/tk ln)        0.602907 0.0032     0.603235 0.0028   0.4092
 k(trk length)     0.601852       0.603381 0.0029     k(tk ln/col)        0.603257 0.0032     0.603343 0.0028   0.4032
 rem life(col)   3.5389E-01     3.4356E-01 0.0053     k(col/abs/tk ln)    0.602983 0.0036     0.603323 0.0030
 rem life(abs)   3.5405E-01     3.4353E-01 0.0053     life(col/abs/tl)  3.4374E-01 0.0049   3.4434E-01 0.0045
 source points generated   1041                source_entropy  4.0400E+00

  estimator     cycle    44   ave of    34 cycles      combination         simple average    combined average     corr
 k(collision)      0.620900       0.603655 0.0046     k(col/abs)          0.603313 0.0045     0.603244 0.0047   0.9847
 k(absorption)     0.620706       0.602971 0.0046     k(abs/tk ln)        0.603291 0.0031     0.603521 0.0028   0.4240
 k(trk length)     0.611197       0.603611 0.0028     k(tk ln/col)        0.603633 0.0031     0.603617 0.0028   0.4179
 rem life(col)   3.6123E-01     3.4408E-01 0.0054     k(col/abs/tk ln)    0.603413 0.0035     0.603616 0.0029
 rem life(abs)   3.6055E-01     3.4404E-01 0.0054     life(col/abs/tl)  3.4419E-01 0.0049   3.4464E-01 0.0045
 source points generated   1020                source_entropy  4.0314E+00

  estimator     cycle    45   ave of    35 cycles      combination         simple average    combined average     corr
 k(collision)      0.613539       0.603938 0.0045     k(col/abs)          0.603616 0.0044     0.603586 0.0046   0.9848
 k(absorption)     0.614264       0.603294 0.0044     k(abs/tk ln)        0.603355 0.0031     0.603398 0.0027   0.4040
 k(trk length)     0.596814       0.603417 0.0028     k(tk ln/col)        0.603677 0.0031     0.603496 0.0027   0.4004
 rem life(col)   3.1520E-01     3.4326E-01 0.0057     k(col/abs/tk ln)    0.603549 0.0034     0.603476 0.0028
 rem life(abs)   3.1524E-01     3.4321E-01 0.0057     life(col/abs/tl)  3.4340E-01 0.0053   3.4402E-01 0.0048
 source points generated    964                source_entropy  4.0292E+00

  estimator     cycle    46   ave of    36 cycles      combination         simple average    combined average     corr
 k(collision)      0.603517       0.603926 0.0043     k(col/abs)          0.603602 0.0043     0.603573 0.0045   0.9848
 k(absorption)     0.602749       0.603279 0.0043     k(abs/tk ln)        0.603293 0.0030     0.603302 0.0026   0.4035
 k(trk length)     0.599454       0.603307 0.0027     k(tk ln/col)        0.603616 0.0030     0.603402 0.0026   0.3998
 rem life(col)   3.3634E-01     3.4307E-01 0.0056     k(col/abs/tk ln)    0.603504 0.0033     0.603382 0.0028
 rem life(abs)   3.3674E-01     3.4303E-01 0.0056     life(col/abs/tl)  3.4320E-01 0.0052   3.4377E-01 0.0047
 source points generated   1003                source_entropy  4.1476E+00

  estimator     cycle    47   ave of    37 cycles      combination         simple average    combined average     corr
 k(collision)      0.604871       0.603952 0.0042     k(col/abs)          0.603680 0.0042     0.603678 0.0043   0.9839
 k(absorption)     0.608102       0.603409 0.0042     k(abs/tk ln)        0.603262 0.0029     0.603162 0.0026   0.3938
 k(trk length)     0.596227       0.603115 0.0026     k(tk ln/col)        0.603533 0.0029     0.603248 0.0026   0.3957
 rem life(col)   3.5543E-01     3.4340E-01 0.0055     k(col/abs/tk ln)    0.603492 0.0032     0.603189 0.0027
 rem life(abs)   3.5581E-01     3.4338E-01 0.0055     life(col/abs/tl)  3.4355E-01 0.0052   3.4412E-01 0.0047
 source points generated   1004                source_entropy  4.0695E+00

  estimator     cycle    48   ave of    38 cycles      combination         simple average    combined average     corr
 k(collision)      0.587725       0.603525 0.0042     k(col/abs)          0.603214 0.0042     0.603324 0.0043   0.9840
 k(absorption)     0.584208       0.602904 0.0042     k(abs/tk ln)        0.603015 0.0028     0.603092 0.0025   0.3844
 k(trk length)     0.603539       0.603127 0.0026     k(tk ln/col)        0.603326 0.0028     0.603188 0.0025   0.3887
 rem life(col)   3.4124E-01     3.4334E-01 0.0054     k(col/abs/tk ln)    0.603185 0.0032     0.603136 0.0026
 rem life(abs)   3.4106E-01     3.4332E-01 0.0054     life(col/abs/tl)  3.4351E-01 0.0050   3.4416E-01 0.0046
 source points generated    968                source_entropy  4.0826E+00

  estimator     cycle    49   ave of    39 cycles      combination         simple average    combined average     corr
 k(collision)      0.595228       0.603312 0.0041     k(col/abs)          0.602958 0.0041     0.603157 0.0043   0.9836
 k(absorption)     0.591231       0.602605 0.0041     k(abs/tk ln)        0.602875 0.0028     0.603063 0.0025   0.3800
 k(trk length)     0.603859       0.603145 0.0025     k(tk ln/col)        0.603229 0.0028     0.603171 0.0025   0.3861
 rem life(col)   3.4952E-01     3.4350E-01 0.0053     k(col/abs/tk ln)    0.603021 0.0031     0.603119 0.0026
 rem life(abs)   3.5061E-01     3.4350E-01 0.0053     life(col/abs/tl)  3.4366E-01 0.0049   3.4420E-01 0.0044
 source points generated   1029                source_entropy  4.1108E+00

  estimator     cycle    50   ave of    40 cycles      combination         simple average    combined average     corr
 k(collision)      0.603646       0.603320 0.0040     k(col/abs)          0.602981 0.0040     0.603173 0.0041   0.9835
 k(absorption)     0.604106       0.602642 0.0040     k(abs/tk ln)        0.602824 0.0027     0.602950 0.0024   0.3768
 k(trk length)     0.597592       0.603007 0.0024     k(tk ln/col)        0.603163 0.0027     0.603056 0.0024   0.3840
 rem life(col)   3.3072E-01     3.4318E-01 0.0052     k(col/abs/tk ln)    0.602990 0.0031     0.602994 0.0025
 rem life(abs)   3.3059E-01     3.4318E-01 0.0052     life(col/abs/tl)  3.4335E-01 0.0049   3.4398E-01 0.0044
 source points generated    998                source_entropy  4.0641E+00

  estimator     cycle    51   ave of    41 cycles      combination         simple average    combined average     corr
 k(collision)      0.607548       0.603423 0.0039     k(col/abs)          0.603030 0.0039     0.603218 0.0041   0.9825
 k(absorption)     0.602445       0.602637 0.0039     k(abs/tk ln)        0.603062 0.0027     0.603323 0.0024   0.3567
 k(trk length)     0.622672       0.603486 0.0025     k(tk ln/col)        0.603455 0.0027     0.603474 0.0024   0.3779
 rem life(col)   3.4168E-01     3.4315E-01 0.0051     k(col/abs/tk ln)    0.603182 0.0030     0.603224 0.0026
 rem life(abs)   3.4255E-01     3.4317E-01 0.0051     life(col/abs/tl)  3.4338E-01 0.0048   3.4411E-01 0.0043
 source points generated    997                source_entropy  4.0568E+00

  estimator     cycle    52   ave of    42 cycles      combination         simple average    combined average     corr
 k(collision)      0.623351       0.603898 0.0039     k(col/abs)          0.603522 0.0039     0.603770 0.0040   0.9832
 k(absorption)     0.624043       0.603147 0.0039     k(abs/tk ln)        0.603495 0.0027     0.603718 0.0025   0.3895
 k(trk length)     0.618510       0.603844 0.0025     k(tk ln/col)        0.603871 0.0027     0.603854 0.0025   0.4075
 rem life(col)   3.5054E-01     3.4332E-01 0.0050     k(col/abs/tk ln)    0.603629 0.0030     0.603669 0.0026
 rem life(abs)   3.5065E-01     3.4334E-01 0.0050     life(col/abs/tl)  3.4359E-01 0.0047   3.4437E-01 0.0043
 source points generated   1030                source_entropy  4.0941E+00

  estimator     cycle    53   ave of    43 cycles      combination         simple average    combined average     corr
 k(collision)      0.620412       0.604282 0.0038     k(col/abs)          0.603949 0.0038     0.604291 0.0040   0.9832
 k(absorption)     0.623296       0.603615 0.0039     k(abs/tk ln)        0.603637 0.0026     0.603650 0.0024   0.3539
 k(trk length)     0.595874       0.603659 0.0025     k(tk ln/col)        0.603970 0.0026     0.603776 0.0024   0.3781
 rem life(col)   3.3229E-01     3.4307E-01 0.0049     k(col/abs/tk ln)    0.603852 0.0030     0.603593 0.0025
 rem life(abs)   3.3270E-01     3.4310E-01 0.0050     life(col/abs/tl)  3.4338E-01 0.0046   3.4431E-01 0.0043
 source points generated    989                source_entropy  4.0834E+00

  estimator     cycle    54   ave of    44 cycles      combination         simple average    combined average     corr
 k(collision)      0.606993       0.604343 0.0037     k(col/abs)          0.604063 0.0037     0.604370 0.0038   0.9822
 k(absorption)     0.610979       0.603783 0.0038     k(abs/tk ln)        0.603692 0.0026     0.603635 0.0023   0.3498
 k(trk length)     0.601112       0.603601 0.0024     k(tk ln/col)        0.603972 0.0026     0.603742 0.0024   0.3766
 rem life(col)   3.3298E-01     3.4284E-01 0.0049     k(col/abs/tk ln)    0.603909 0.0029     0.603584 0.0024
 rem life(abs)   3.3208E-01     3.4285E-01 0.0049     life(col/abs/tl)  3.4314E-01 0.0046   3.4411E-01 0.0042
 source points generated    967                source_entropy  4.0340E+00

  estimator     cycle    55   ave of    45 cycles      combination         simple average    combined average     corr
 k(collision)      0.632868       0.604977 0.0038     k(col/abs)          0.604751 0.0038     0.605162 0.0039   0.9830
 k(absorption)     0.637195       0.604525 0.0039     k(abs/tk ln)        0.604372 0.0028     0.604271 0.0025   0.4294
 k(trk length)     0.631387       0.604218 0.0026     k(tk ln/col)        0.604598 0.0027     0.604360 0.0025   0.4419
 rem life(col)   3.6372E-01     3.4330E-01 0.0049     k(col/abs/tk ln)    0.604574 0.0030     0.604406 0.0026
 rem life(abs)   3.6309E-01     3.4330E-01 0.0050     life(col/abs/tl)  3.4357E-01 0.0046   3.4453E-01 0.0042
 source points generated   1034                source_entropy  4.0302E+00

  estimator     cycle    56   ave of    46 cycles      combination         simple average    combined average     corr
 k(collision)      0.633653       0.605601 0.0038     k(col/abs)          0.605390 0.0039     0.605816 0.0039   0.9842
 k(absorption)     0.634606       0.605179 0.0040     k(abs/tk ln)        0.604908 0.0028     0.604718 0.0026   0.4704
 k(trk length)     0.623434       0.604636 0.0026     k(tk ln/col)        0.605118 0.0028     0.604796 0.0026   0.4814
 rem life(col)   3.4995E-01     3.4344E-01 0.0049     k(col/abs/tk ln)    0.605139 0.0031     0.604868 0.0026
 rem life(abs)   3.4990E-01     3.4344E-01 0.0049     life(col/abs/tl)  3.4369E-01 0.0045   3.4458E-01 0.0041
 source points generated    972                source_entropy  4.0721E+00

  estimator     cycle    57   ave of    47 cycles      combination         simple average    combined average     corr
 k(collision)      0.578225       0.605018 0.0039     k(col/abs)          0.604835 0.0039     0.605135 0.0040   0.9846
 k(absorption)     0.580408       0.604652 0.0040     k(abs/tk ln)        0.604596 0.0028     0.604555 0.0025   0.4717
 k(trk length)     0.600111       0.604540 0.0026     k(tk ln/col)        0.604779 0.0028     0.604610 0.0025   0.4809
 rem life(col)   3.3553E-01     3.4328E-01 0.0048     k(col/abs/tk ln)    0.604737 0.0031     0.604647 0.0026
 rem life(abs)   3.3522E-01     3.4326E-01 0.0048     life(col/abs/tl)  3.4354E-01 0.0045   3.4452E-01 0.0040
 source points generated    919                source_entropy  4.0903E+00

  estimator     cycle    58   ave of    48 cycles      combination         simple average    combined average     corr
 k(collision)      0.631630       0.605573 0.0039     k(col/abs)          0.605388 0.0039     0.605686 0.0040   0.9854
 k(absorption)     0.631083       0.605203 0.0040     k(abs/tk ln)        0.604796 0.0028     0.604505 0.0025   0.4346
 k(trk length)     0.597287       0.604388 0.0025     k(tk ln/col)        0.604981 0.0028     0.604570 0.0025   0.4420
 rem life(col)   3.4522E-01     3.4332E-01 0.0047     k(col/abs/tk ln)    0.605055 0.0031     0.604610 0.0025
 rem life(abs)   3.4528E-01     3.4331E-01 0.0047     life(col/abs/tl)  3.4355E-01 0.0044   3.4441E-01 0.0040
 source points generated   1056                source_entropy  4.0152E+00

  estimator     cycle    59   ave of    49 cycles      combination         simple average    combined average     corr
 k(collision)      0.617208       0.605810 0.0038     k(col/abs)          0.605612 0.0039     0.605916 0.0039   0.9855
 k(absorption)     0.615501       0.605413 0.0039     k(abs/tk ln)        0.605025 0.0028     0.604751 0.0025   0.4415
 k(trk length)     0.616601       0.604638 0.0025     k(tk ln/col)        0.605224 0.0027     0.604819 0.0025   0.4505
 rem life(col)   3.5942E-01     3.4365E-01 0.0047     k(col/abs/tk ln)    0.605287 0.0031     0.604844 0.0025
 rem life(abs)   3.5954E-01     3.4364E-01 0.0047     life(col/abs/tl)  3.4389E-01 0.0044   3.4476E-01 0.0040
 source points generated    978                source_entropy  4.0018E+00

  estimator     cycle    60   ave of    50 cycles      combination         simple average    combined average     corr
 k(collision)      0.572426       0.605142 0.0039     k(col/abs)          0.604935 0.0040     0.605283 0.0040   0.9866
 k(absorption)     0.571154       0.604728 0.0040     k(abs/tk ln)        0.604460 0.0029     0.604257 0.0026   0.4868
 k(trk length)     0.582342       0.604192 0.0026     k(tk ln/col)        0.604667 0.0028     0.604315 0.0026   0.4949
 rem life(col)   3.2731E-01     3.4332E-01 0.0047     k(col/abs/tk ln)    0.604687 0.0032     0.604362 0.0026
 rem life(abs)   3.2800E-01     3.4333E-01 0.0047     life(col/abs/tl)  3.4357E-01 0.0044   3.4440E-01 0.0041
 source points generated    949                source_entropy  4.0380E+00

 source distribution written to file ref_s        cycle=    60
1problem summary (active cycles only)              source particle weight for summary table normalization =        50000.00

      run terminated when      60 kcode cycles were done.
+                                                                                                    11/27/09 00:20:12 
      NP Two HEU spheres for DAGMC Benchmark                                               probid =  11/27/09 00:19:59 
0
 neutron creation    tracks      weight        energy            neutron loss        tracks      weight        energy
                                 (per source particle)                                           (per source particle)

 source               49866    1.0000E+00    2.0550E+00          escape               48500    7.4650E-01    1.2817E+00
                                                                 energy cutoff            0    0.            0.        
                                                                 time cutoff              0    0.            0.        
 weight window            0    0.            0.                  weight window            0    0.            0.        
 cell importance          0    0.            0.                  cell importance          0    0.            0.        
 weight cutoff            0    6.7604E-03    2.0872E-03          weight cutoff         1508    6.8969E-03    2.0591E-03
 e or t importance        0    0.            0.                  e or t importance        0    0.            0.        
 dxtran                   0    0.            0.                  dxtran                   0    0.            0.        
 forced collisions        0    0.            0.                  forced collisions        0    0.            0.        
 exp. transform           0    0.            0.                  exp. transform           0    0.            0.        
 upscattering             0    0.            0.                  downscattering           0    0.            3.6266E-01
 photonuclear             0    0.            0.                  capture                  0    2.4230E-02    1.7004E-02
 (n,xn)                 283    3.7486E-03    2.5792E-03          loss to (n,xn)         141    1.8716E-03    1.4548E-02
 prompt fission           0    0.            0.                  loss to fission          0    2.3101E-01    3.8167E-01
 delayed fission          0    0.            0.                                                                        
     total            50149    1.0105E+00    2.0596E+00              total            50149    1.0105E+00    2.0596E+00

   number of neutrons banked                     164        average time of (shakes)              cutoffs
   neutron tracks per source particle     1.0030E+00          escape            3.4678E-01          tco   1.0000E+33
   neutron collisions per source particle 2.0950E+00          capture           5.4613E-01          eco   0.0000E+00
   total neutron collisions                   104750          capture or escape 3.5305E-01          wc1  -5.0000E-01
   net multiplication              1.0019E+00 0.0002          any termination   3.5336E-01          wc2  -2.5000E-01

 computer time so far in this run     0.07 minutes            maximum number ever in bank         2
 computer time in mcrun               0.02 minutes            bank overflows to backup file       0
 source particles per minute            3.1874E+06
 random numbers generated                  1904306            most random numbers used was         363 in history       12635

 range of sampled source weights = 9.1241E-01 to 1.2315E+00
1neutron  activity in each cell                                                                         print table 126

                 tracks     population   collisions   collisions     number        flux        average      average
        cell    entering                               * weight     weighted     weighted   track weight   track mfp
                                                    (per history)    energy       energy     (relative)      (cm)

     1     1       23539        23602        49187    7.4698E-01   9.9066E-01   1.6440E+00   7.7949E-01   2.6331E+00
     2     2       26327        26406        55563    8.4278E-01   9.8496E-01   1.6407E+00   7.7740E-01   2.6312E+00

     total         49866        50008       104750    1.5898E+00
1keff results for: NP Two HEU spheres for DAGMC Benchmark                                               probid =  11/27/09 00:19:59 


 the initial fission neutron source distribution used the   2 source points that were input on the ksrc card.
 the criticality problem was scheduled to skip  10 cycles and run a total of   60 cycles with nominally     1000 neutrons per cycle.
 this problem has run  10 inactive cycles with     9636 neutron histories and   50 active cycles with       49866 neutron histories.


 this calculation has completed the requested number of keff cycles using a total of       59502 fission neutron source histories.
 all cells with fissionable material were sampled and had fission neutron source points.


 the results of the w test for normality applied to the individual collision, absorption, and track-length keff cycle values are:

           the k( collision) cycle values appear normally distributed at the 95 percent confidence level                       
           the k(absorption) cycle values appear normally distributed at the 95 percent confidence level                       
           the k(trk length) cycle values appear normally distributed at the 95 percent confidence level                       


 -----------------------------------------------------------------------------------------------------------------------------------
 |                                                                                                                                 |
 | the final estimated combined collision/absorption/track-length keff = 0.60436 with an estimated standard deviation of 0.00158   |
 |                                                                                                                                 |
 | the estimated 68, 95, & 99 percent keff confidence intervals are 0.60278 to 0.60595, 0.60119 to 0.60753, and 0.60013 to 0.60859 |
 |                                                                                                                                 |
 | the final combined (col/abs/tl) prompt removal lifetime = 3.4440E-09 seconds with an estimated standard deviation of 1.4144E-11 |
 |                                                                                                                                 |
 | the average neutron energy causing fission = 1.6522E+00 mev                                                                     |
 | the energy corresponding to the average neutron lethargy causing fission = 9.8093E-01 mev                                       |
 |                                                                                                                                 |
 | the percentages of fissions caused by neutrons in the thermal, intermediate, and fast neutron ranges are:                       |
 |         (<0.625 ev):   0.00%         (0.625 ev - 100 kev):   4.11%          (>100 kev):  95.89%                                 |
 |                                                                                                                                 |
 | the average fission neutrons produced per neutron absorbed (capture + fission) in all cells with fission = 2.3708E+00           |
 | the average fission neutrons produced per neutron absorbed (capture + fission) in all the geometry cells = 2.3708E+00           |
 |                                                                                                                                 |
 | the average number of neutrons produced per fission = 2.620                                                                     |
 |                                                                                                                                 |
 -----------------------------------------------------------------------------------------------------------------------------------


 the estimated average keffs, one standard deviations, and 68, 95, and 99 percent confidence intervals are:

        keff estimator       keff     standard deviation      68% confidence        95% confidence        99% confidence       corr

             collision     0.60514         0.00238          0.60275 to 0.60753    0.60036 to 0.60992    0.59877 to 0.61152
            absorption     0.60473         0.00243          0.60228 to 0.60717    0.59984 to 0.60962    0.59821 to 0.61125
          track length     0.60419         0.00155          0.60264 to 0.60575    0.60108 to 0.60730    0.60004 to 0.60834
            col/absorp     0.60528         0.00243          0.60285 to 0.60772    0.60041 to 0.61016    0.59878 to 0.61179    0.9866
           abs/trk len     0.60426         0.00154          0.60271 to 0.60581    0.60116 to 0.60736    0.60012 to 0.60839    0.4868
           col/trk len     0.60432         0.00154          0.60277 to 0.60587    0.60121 to 0.60742    0.60018 to 0.60845    0.4949
       col/abs/trk len     0.60436         0.00158          0.60278 to 0.60595    0.60119 to 0.60753    0.60013 to 0.60859


 if the largest of each keff occurred on the next cycle, the keff results and 68, 95, and 99 percent confidence intervals would be:

        keff estimator       keff     standard deviation      68% confidence        95% confidence        99% confidence

             collision     0.60584         0.00243          0.60340 to 0.60829    0.60095 to 0.61073    0.59932 to 0.61236
            absorption     0.60536         0.00247          0.60288 to 0.60785    0.60041 to 0.61032    0.59875 to 0.61197
          track length     0.60473         0.00161          0.60311 to 0.60634    0.60150 to 0.60796    0.60042 to 0.60903
       col/abs/trk len     0.60479         0.00165          0.60313 to 0.60645    0.60147 to 0.60811    0.60035 to 0.60922


 the estimated average prompt removal lifetimes, one standard deviations, and 68, 95, and 99 percent confidence intervals are (sec):

       estimator      lifetime     std. dev.         68% confidence           95% confidence           99% confidence           corr

       collision   3.43319E-09   1.60856E-11    3.4170E-09 to 3.4494E-09 3.4009E-09 to 3.4655E-09 3.3901E-09 to 3.4763E-09
      absorption   3.43325E-09   1.60939E-11    3.4171E-09 to 3.4494E-09 3.4009E-09 to 3.4656E-09 3.3902E-09 to 3.4764E-09
    track length   3.44063E-09   1.38978E-11    3.4267E-09 to 3.4546E-09 3.4127E-09 to 3.4686E-09 3.4034E-09 to 3.4778E-09
      col/absorp   3.43320E-09   1.62530E-11    3.4169E-09 to 3.4495E-09 3.4005E-09 to 3.4659E-09 3.3896E-09 to 3.4768E-09    0.9991
     abs/trk len   3.44400E-09   1.39990E-11    3.4299E-09 to 3.4581E-09 3.4158E-09 to 3.4721E-09 3.4064E-09 to 3.4816E-09    0.9338
     col/trk len   3.44393E-09   1.40134E-11    3.4298E-09 to 3.4580E-09 3.4158E-09 to 3.4721E-09 3.4063E-09 to 3.4815E-09    0.9330
 col/abs/trk len   3.44395E-09   1.41437E-11    3.4297E-09 to 3.4582E-09 3.4155E-09 to 3.4724E-09 3.4060E-09 to 3.4819E-09

 absorption estimates of prompt lifetimes (sec):

                             escape        capture        fission        removal

            fraction    7.45199E-01    2.41882E-02    2.30613E-01    1.00000E+00
       lifetime(abs)    4.60716E-09    1.41939E-07    1.48875E-08    3.43325E-09
     lifetime(c/a/t)    4.62152E-09    1.42381E-07    1.49339E-08    3.44395E-09

1average individual and combined collision/absorption/track-length keff results for  4 different batch sizes

 cycles per  number of    average keff estimators and deviations      normality  average k(c/a/t)    k(c/a/t) confidence intervals
 keff batch  k batches  k(col) st dev  k(abs) st dev  k(trk) st dev   co/ab/trk  k(c/a/t) st dev    95% confidence    99% confidence

       1         50  |  0.6051 0.0024  0.6047 0.0024  0.6042 0.0015  |95/95/95|  0.60436 0.00158   0.60119-0.60753   0.60013-0.60859
       2         25  |  0.6051 0.0024  0.6047 0.0025  0.6042 0.0016  |95/95/99|  0.60436 0.00172   0.60079-0.60793   0.59950-0.60922
       5         10  |  0.6051 0.0022  0.6047 0.0024  0.6042 0.0015  |95/95/95|  0.60523 0.00094   0.60302-0.60744   0.60196-0.60850
      10          5  |  0.6051 0.0023  0.6047 0.0023  0.6042 0.0016  |95/95/95|  0.60536 0.00023   0.60439-0.60633   0.60313-0.60760
1individual and average keff estimator results by cycle

  keff     neutron    keff estimators by cycle           average keff estimators and deviations                average k(c/a/t)
 cycle   histories   k(coll)  k(abs)  k(track)     k(coll)  st dev    k(abs)  st dev   k(track) st dev    k(c/a/t)  st dev    fom

     1        1000 | 0.83208  0.82840  0.80746  | 
     2         822 | 0.68825  0.69316  0.69388  | 
     3         812 | 0.61660  0.61769  0.63373  | 
     4         915 | 0.62801  0.63260  0.61115  | 
     5        1043 | 0.64096  0.63870  0.60826  | 
     6        1061 | 0.60456  0.60503  0.60211  | 
     7         931 | 0.59498  0.58977  0.60425  | 
     8         967 | 0.61099  0.60828  0.60134  | 
     9        1059 | 0.60525  0.60360  0.60393  | 
    10        1026 | 0.60447  0.60447  0.61457  | 
 -------------------  begin active keff cycles  ------------------------------------------------------------------------------------
    11         979 | 0.63176  0.63288  0.61228  | 
    12        1069 | 0.58744  0.58612  0.60605  |  0.60960 0.02216   0.60950 0.02338   0.60916 0.00311  | 
    13         971 | 0.61418  0.61631  0.60195  |  0.61113 0.01288   0.61177 0.01369   0.60676 0.00300  | 
    14        1059 | 0.59458  0.59350  0.59540  |  0.60699 0.01001   0.60720 0.01070   0.60392 0.00354  |  0.60358 0.00595   2815580
    15        1014 | 0.59333  0.59492  0.60116  |  0.60426 0.00822   0.60475 0.00865   0.60337 0.00280  |  0.60323 0.00400   4970634
    16         969 | 0.61289  0.61399  0.61433  |  0.60570 0.00686   0.60629 0.00723   0.60519 0.00293  |  0.60454 0.00410   4115085
    17        1023 | 0.59483  0.58895  0.59108  |  0.60414 0.00600   0.60381 0.00659   0.60318 0.00319  |  0.60386 0.00299   6557857
    18         967 | 0.58294  0.58176  0.61113  |  0.60149 0.00584   0.60105 0.00634   0.60417 0.00294  |  0.60466 0.00275   6805026
    19         969 | 0.61611  0.61444  0.61076  |  0.60312 0.00540   0.60254 0.00578   0.60491 0.00269  |  0.60573 0.00272   6342030
    20        1065 | 0.61455  0.61754  0.60123  |  0.60426 0.00496   0.60404 0.00539   0.60454 0.00244  |  0.60480 0.00247   6871516
 -----------------------------------------------------------------------------------------------------------------------------------
    21        1028 | 0.61717  0.61304  0.61218  |  0.60543 0.00464   0.60486 0.00494   0.60523 0.00231  |  0.60561 0.00257   5744078
    22         999 | 0.59429  0.59264  0.60175  |  0.60451 0.00433   0.60384 0.00462   0.60494 0.00213  |  0.60536 0.00237   6316413
    23         993 | 0.56863  0.56988  0.60148  |  0.60175 0.00485   0.60123 0.00499   0.60468 0.00198  |  0.60494 0.00221   6622432
    24         967 | 0.58621  0.59004  0.60119  |  0.60064 0.00462   0.60043 0.00469   0.60443 0.00185  |  0.60457 0.00206   7120044
    25        1054 | 0.59947  0.60001  0.59843  |  0.60056 0.00431   0.60040 0.00437   0.60403 0.00176  |  0.60411 0.00196   7451774
    26        1022 | 0.60342  0.60857  0.59601  |  0.60074 0.00403   0.60091 0.00412   0.60353 0.00172  |  0.60353 0.00189   7544819
    27         996 | 0.58428  0.58430  0.61308  |  0.59977 0.00391   0.59993 0.00399   0.60409 0.00171  |  0.60382 0.00189   7102021
    28         959 | 0.60757  0.60765  0.59745  |  0.60020 0.00371   0.60036 0.00378   0.60372 0.00166  |  0.60343 0.00178   7477716
    29        1005 | 0.60835  0.60606  0.61856  |  0.60063 0.00354   0.60066 0.00359   0.60450 0.00175  |  0.60411 0.00186   6580900
    30         955 | 0.61316  0.61631  0.60839  |  0.60126 0.00341   0.60145 0.00350   0.60470 0.00167  |  0.60441 0.00178   6859940
 -----------------------------------------------------------------------------------------------------------------------------------
    31        1003 | 0.61535  0.61419  0.61144  |  0.60193 0.00331   0.60205 0.00338   0.60502 0.00162  |  0.60480 0.00172   7025015
    32         932 | 0.61843  0.61868  0.59577  |  0.60268 0.00325   0.60281 0.00331   0.60460 0.00160  |  0.60441 0.00164   7307474
    33        1001 | 0.63020  0.62775  0.60602  |  0.60388 0.00333   0.60389 0.00334   0.60466 0.00153  |  0.60458 0.00156   7735527
    34        1028 | 0.59151  0.59489  0.59456  |  0.60336 0.00323   0.60352 0.00322   0.60424 0.00153  |  0.60424 0.00154   7616304
    35         904 | 0.59699  0.59202  0.60849  |  0.60311 0.00310   0.60306 0.00313   0.60441 0.00148  |  0.60425 0.00147   7949630
    36         992 | 0.59976  0.59547  0.57953  |  0.60298 0.00299   0.60277 0.00302   0.60345 0.00171  |  0.60335 0.00169   5788959
    37         999 | 0.57593  0.57405  0.57452  |  0.60198 0.00304   0.60170 0.00309   0.60238 0.00196  |  0.60234 0.00197   4112485
    38         951 | 0.58953  0.58828  0.60690  |  0.60153 0.00297   0.60122 0.00302   0.60254 0.00190  |  0.60239 0.00190   4239159
    39        1022 | 0.64074  0.63528  0.61496  |  0.60288 0.00316   0.60240 0.00314   0.60297 0.00188  |  0.60285 0.00194   3936273
    40        1096 | 0.59894  0.59415  0.59970  |  0.60275 0.00306   0.60212 0.00305   0.60286 0.00182  |  0.60276 0.00189   3977947
 -----------------------------------------------------------------------------------------------------------------------------------
    41         893 | 0.60800  0.60940  0.62021  |  0.60292 0.00296   0.60236 0.00296   0.60342 0.00185  |  0.60333 0.00190   3822312
    42        1004 | 0.60676  0.60413  0.60371  |  0.60304 0.00287   0.60241 0.00286   0.60343 0.00179  |  0.60335 0.00185   3911829
    43        1009 | 0.60608  0.60311  0.60185  |  0.60313 0.00279   0.60243 0.00277   0.60338 0.00174  |  0.60332 0.00180   3990259
    44        1041 | 0.62090  0.62071  0.61120  |  0.60366 0.00275   0.60297 0.00274   0.60361 0.00170  |  0.60362 0.00176   4020380
    45        1020 | 0.61354  0.61426  0.59681  |  0.60394 0.00269   0.60329 0.00268   0.60342 0.00166  |  0.60348 0.00171   4139779
    46         964 | 0.60352  0.60275  0.59945  |  0.60393 0.00261   0.60328 0.00261   0.60331 0.00162  |  0.60338 0.00167   4258744
    47        1003 | 0.60487  0.60810  0.59623  |  0.60395 0.00254   0.60341 0.00254   0.60312 0.00159  |  0.60319 0.00161   4427985
    48        1004 | 0.58772  0.58421  0.60354  |  0.60352 0.00251   0.60290 0.00252   0.60313 0.00154  |  0.60314 0.00158   4518678
    49         968 | 0.59523  0.59123  0.60386  |  0.60331 0.00245   0.60260 0.00248   0.60315 0.00150  |  0.60312 0.00155   4599776
    50        1029 | 0.60365  0.60411  0.59759  |  0.60332 0.00239   0.60264 0.00241   0.60301 0.00147  |  0.60299 0.00151   4700922
 -----------------------------------------------------------------------------------------------------------------------------------
    51         998 | 0.60755  0.60244  0.62267  |  0.60342 0.00233   0.60264 0.00235   0.60349 0.00151  |  0.60322 0.00154   4419818
    52         997 | 0.62335  0.62404  0.61851  |  0.60390 0.00233   0.60315 0.00235   0.60384 0.00152  |  0.60367 0.00156   4241984
    53        1030 | 0.62041  0.62330  0.59587  |  0.60428 0.00230   0.60362 0.00235   0.60366 0.00150  |  0.60359 0.00151   4364832
    54         989 | 0.60699  0.61098  0.60111  |  0.60434 0.00225   0.60378 0.00230   0.60360 0.00146  |  0.60358 0.00146   4562383
    55         967 | 0.63287  0.63720  0.63139  |  0.60498 0.00229   0.60453 0.00237   0.60422 0.00156  |  0.60441 0.00156   3944048
    56        1034 | 0.63365  0.63461  0.62343  |  0.60560 0.00233   0.60518 0.00240   0.60464 0.00158  |  0.60487 0.00160   3698699
    57         972 | 0.57823  0.58041  0.60011  |  0.60502 0.00235   0.60465 0.00241   0.60454 0.00155  |  0.60465 0.00156   3774264
    58         919 | 0.63163  0.63108  0.59729  |  0.60557 0.00237   0.60520 0.00242   0.60439 0.00152  |  0.60461 0.00154   3825069
    59        1056 | 0.61721  0.61550  0.61660  |  0.60581 0.00233   0.60541 0.00238   0.60464 0.00151  |  0.60484 0.00153   3786589
    60         978 | 0.57243  0.57115  0.58234  |  0.60514 0.00238   0.60473 0.00243   0.60419 0.00155  |  0.60436 0.00158   3473839
 -----------------------------------------------------------------------------------------------------------------------------------


  the largest active cycle keffs by estimator are:                               the smallest active cycle keffs by estimator are:

                   collision 0.64074 on cycle  39                                                  collision 0.56863 on cycle  23
                  absorption 0.63720 on cycle  55                                                 absorption 0.56988 on cycle  23
                track length 0.63139 on cycle  55                                               track length 0.57452 on cycle  37
1plot of the estimated col/abs/track-length keff one standard deviation interval versus cycle number (| = final keff =  0.60436)

    cycle   active 0.600                0.602                 0.604                 0.606                 0.608             
   number   cycles  |--------------------|---------------------|---------------------|---------------------|
       16        6  |  (-------------------------------------------|-k-------------------------------------|
       17        7  |       (--------------------------------k-----|---------------------------)           |
       18        8  |                   (--------------------------|--k------------------------------)     |
       19        9  |                               (--------------|--------------k------------------------|
       20       10  |                       (----------------------|----k--------------------------)       |
       21       11  |                               (--------------|-------------k-------------------------|
       22       12  |                               (--------------|----------k-------------------------)  |
       23       13  |                            (-----------------|-----k------------------------)        |
       24       14  |                         (--------------------|-k----------------------)              |
       25       15  +                     (---------------------k--|------------------)                    +
       26       16  |                (--------------------k--------|-----------)                           |
       27       17  |                   (--------------------k-----|--------------)                        |
       28       18  |                (-------------------k---------|--------)                              |
       29       19  |                      (--------------------k--|-----------------)                     |
       30       20  |                           (------------------|k------------------)                   |
       31       21  |                                (-------------|----k------------------)               |
       32       22  |                            (-----------------k------------------)                    |
       33       23  |                               (--------------|-k-----------------)                   |
       34       24  |                            (----------------k|---------------)                       |
       35       25  +                            (----------------k|--------------)                        +
       36       26  |                (------------------k----------|-------)                               |
       37       27  |  (---------------------k--------------------)|                                       |
       38       28  |   (--------------------k--------------------)|                                       |
       39       29  |        (--------------------k----------------|----)                                  |
       40       30  |       (--------------------k-----------------|--)                                    |
       41       31  |             (--------------------k-----------|---------)                             |
       42       32  |              (--------------------k----------|--------)                              |
       43       33  |              (-------------------k-----------|-------)                               |
       44       34  |                  (-------------------k-------|----------)                            |
       45       35  +                 (------------------k---------|--------)                              +
       46       36  |                 (-----------------k----------|-------)                               |
       47       37  |               (-----------------k------------|----)                                  |
       48       38  |               (----------------k-------------|---)                                   |
       49       39  |               (----------------k-------------|--)                                    |
       50       40  |              (----------------k--------------|-)                                     |
       51       41  |                (----------------k------------|---)                                   |
       52       42  |                     (----------------k-------|---------)                             |
       53       43  |                     (---------------k--------|-------)                               |
       54       44  |                     (---------------k--------|-------)                               |
       55       45  +                             (----------------k-----------------)                     +
       56       46  |                                  (-----------|-----k----------------)                |
       57       47  |                                (-------------|--k-----------------)                  |
       58       48  |                                (-------------|--k----------------)                   |
       59       49  |                                  (-----------|----k----------------)                 |
       60       50  |                            (-----------------k----------------)                      |
                    |--------------------|---------------------|---------------------|---------------------|
                   0.600                0.602                 0.604                 0.606                 0.608             
1individual and collision/absorption/track-length keffs for different numbers of inactive cycles skipped for fission source settling

   skip  active     active    average keff estimators and deviations     normality average k(c/a/t)   k(c/a/t) confidence intervals
  cycles cycles   neutrons  k(col) st dev  k(abs) st dev  k(trk) st dev  co/ab/tl  k(c/a/t) st dev   95% confidence   99% confidence

     0     60        59502| 0.6114 0.0045  0.6110 0.0045  0.6098 0.0039 |no/no/no| 0.60952 0.00404  0.60143-0.61761  0.59876-0.62028
     1     59        58502| 0.6076 0.0026  0.6073 0.0027  0.6065 0.0021 |no/no/no| 0.60718 0.00204  0.60309-0.61127  0.60174-0.61262
     2     58        57680| 0.6063 0.0022  0.6058 0.0023  0.6050 0.0014 |95/95/95| 0.60530 0.00146  0.60237-0.60823  0.60140-0.60920
     3     57        56868| 0.6061 0.0022  0.6056 0.0023  0.6045 0.0014 |95/95/95| 0.60474 0.00141  0.60191-0.60758  0.60097-0.60852
     4     56        55953| 0.6057 0.0022  0.6051 0.0023  0.6044 0.0014 |95/95/95| 0.60457 0.00144  0.60168-0.60746  0.60073-0.60841
     5     55        54910| 0.6050 0.0022  0.6045 0.0022  0.6043 0.0014 |95/95/95| 0.60447 0.00145  0.60156-0.60738  0.60059-0.60834
     6     54        53849| 0.6051 0.0022  0.6045 0.0023  0.6043 0.0014 |95/95/95| 0.60451 0.00148  0.60154-0.60748  0.60055-0.60846
     7     53        52918| 0.6052 0.0022  0.6048 0.0023  0.6043 0.0015 |95/95/95| 0.60452 0.00150  0.60151-0.60753  0.60050-0.60854
     8     52        51951| 0.6051 0.0023  0.6047 0.0023  0.6044 0.0015 |95/95/95| 0.60454 0.00152  0.60148-0.60761  0.60046-0.60863
     9     51        50892| 0.6051 0.0023  0.6047 0.0024  0.6044 0.0015 |95/95/95| 0.60455 0.00155  0.60143-0.60767  0.60038-0.60871
    10     50*       49866| 0.6051 0.0024  0.6047 0.0024  0.6042 0.0015 |95/95/95| 0.60436 0.00158  0.60119-0.60753  0.60013-0.60859
 -----------------------------------------------------------------------------------------------------------------------------------
    11     49        48887| 0.6046 0.0024  0.6042 0.0024  0.6040 0.0016 |95/95/95| 0.60414 0.00159  0.60094-0.60735  0.59986-0.60843
    12     48        47818| 0.6050 0.0024  0.6045 0.0024  0.6040 0.0016 |95/95/95| 0.60416 0.00163  0.60088-0.60744  0.59978-0.60854
    13     47        46847| 0.6048 0.0024  0.6043 0.0025  0.6040 0.0016 |95/95/95| 0.60417 0.00167  0.60081-0.60753  0.59969-0.60866
    14     46        45788| 0.6050 0.0025  0.6045 0.0025  0.6042 0.0017 |95/95/95| 0.60436 0.00169  0.60095-0.60777  0.59980-0.60892
    15     45        44774| 0.6052 0.0025  0.6047 0.0026  0.6043 0.0017 |95/95/95| 0.60448 0.00173  0.60098-0.60797  0.59980-0.60915
    16     44        43805| 0.6051 0.0026  0.6045 0.0026  0.6041 0.0017 |95/95/95| 0.60423 0.00176  0.60068-0.60779  0.59948-0.60899
    17     43        42782| 0.6053 0.0026  0.6049 0.0026  0.6044 0.0017 |95/95/95| 0.60443 0.00176  0.60087-0.60800  0.59966-0.60920
    18     42        41815| 0.6058 0.0026  0.6054 0.0027  0.6042 0.0018 |95/95/95| 0.60436 0.00181  0.60070-0.60803  0.59946-0.60927
    19     41        40846| 0.6056 0.0027  0.6052 0.0027  0.6040 0.0018 |95/95/95| 0.60421 0.00184  0.60048-0.60794  0.59921-0.60921
    20     40        39781| 0.6054 0.0027  0.6049 0.0028  0.6041 0.0018 |95/95/95| 0.60423 0.00190  0.60039-0.60807  0.59908-0.60938
 -----------------------------------------------------------------------------------------------------------------------------------
    21     39        38753| 0.6051 0.0028  0.6047 0.0028  0.6039 0.0019 |95/95/95| 0.60406 0.00192  0.60016-0.60796  0.59883-0.60929
    22     38        37754| 0.6053 0.0028  0.6050 0.0029  0.6040 0.0019 |95/95/95| 0.60415 0.00197  0.60015-0.60816  0.59878-0.60952
    23     37        36761| 0.6063 0.0027  0.6060 0.0028  0.6040 0.0020 |95/95/95| 0.60446 0.00204  0.60032-0.60860  0.59890-0.61002
    24     36        35794| 0.6069 0.0028  0.6064 0.0028  0.6041 0.0020 |95/95/95| 0.60472 0.00212  0.60041-0.60903  0.59893-0.61051
    25     35        34740| 0.6071 0.0028  0.6066 0.0029  0.6043 0.0021 |95/95/95| 0.60492 0.00218  0.60048-0.60935  0.59895-0.61088
    26     34        33718| 0.6072 0.0029  0.6065 0.0030  0.6045 0.0021 |95/95/95| 0.60527 0.00225  0.60068-0.60987  0.59909-0.61146
    27     33        32722| 0.6079 0.0029  0.6072 0.0030  0.6042 0.0022 |95/95/95| 0.60517 0.00237  0.60032-0.61002  0.59864-0.61169
    28     32        31763| 0.6079 0.0030  0.6072 0.0031  0.6045 0.0022 |95/95/95| 0.60534 0.00243  0.60036-0.61032  0.59863-0.61205
    29     31        30758| 0.6079 0.0031  0.6072 0.0032  0.6040 0.0023 |95/95/95| 0.60489 0.00248  0.59980-0.60997  0.59803-0.61174
    30     30        29803| 0.6077 0.0032  0.6069 0.0033  0.6039 0.0023 |95/95/95| 0.60474 0.00259  0.59942-0.61006  0.59756-0.61192
 -----------------------------------------------------------------------------------------------------------------------------------
    31     29        28800| 0.6075 0.0033  0.6067 0.0034  0.6036 0.0024 |95/95/95| 0.60449 0.00266  0.59902-0.60995  0.59710-0.61188
    32     28        27868| 0.6071 0.0034  0.6062 0.0035  0.6039 0.0025 |95/95/95| 0.60463 0.00273  0.59902-0.61025  0.59703-0.61223
    33     27        26867| 0.6062 0.0034  0.6054 0.0035  0.6038 0.0026 |95/95/95| 0.60452 0.00278  0.59878-0.61026  0.59675-0.61230
    34     26        25839| 0.6068 0.0035  0.6058 0.0037  0.6041 0.0027 |95/95/95| 0.60527 0.00290  0.59926-0.61128  0.59712-0.61343
    35     25        24935| 0.6072 0.0036  0.6064 0.0038  0.6040 0.0028 |95/95/95| 0.60513 0.00299  0.59892-0.61133  0.59669-0.61356
    36     24        23943| 0.6075 0.0038  0.6069 0.0039  0.6050 0.0027 |95/95/95| 0.60542 0.00291  0.59935-0.61148  0.59716-0.61367
    37     23        22944| 0.6089 0.0037  0.6083 0.0038  0.6063 0.0024 |95/95/95| 0.60661 0.00263  0.60111-0.61210  0.59911-0.61410
    38     22        21993| 0.6097 0.0037  0.6092 0.0038  0.6063 0.0025 |95/95/95| 0.60667 0.00280  0.60082-0.61253  0.59867-0.61468
    39     21        20971| 0.6083 0.0036  0.6079 0.0038  0.6059 0.0026 |95/95/95| 0.60656 0.00278  0.60073-0.61240  0.59856-0.61456
    40     20        19875| 0.6087 0.0037  0.6086 0.0039  0.6062 0.0027 |95/95/95| 0.60673 0.00289  0.60063-0.61284  0.59835-0.61512
 -----------------------------------------------------------------------------------------------------------------------------------
    41     19        18982| 0.6088 0.0039  0.6086 0.0042  0.6055 0.0028 |95/95/95| 0.60593 0.00305  0.59947-0.61239  0.59703-0.61483
    42     18        17978| 0.6089 0.0042  0.6088 0.0044  0.6055 0.0029 |95/95/95| 0.60599 0.00321  0.59915-0.61282  0.59654-0.61543
    43     17        16969| 0.6090 0.0044  0.6092 0.0046  0.6058 0.0031 |95/95/95| 0.60614 0.00338  0.59889-0.61340  0.59608-0.61621
    44     16        15928| 0.6083 0.0046  0.6085 0.0049  0.6054 0.0033 |95/95/95| 0.60579 0.00356  0.59810-0.61349  0.59506-0.61652
    45     15        14908| 0.6080 0.0049  0.6081 0.0052  0.6060 0.0035 |95/95/95| 0.60618 0.00375  0.59802-0.61435  0.59473-0.61763
    46     14        13944| 0.6083 0.0053  0.6085 0.0056  0.6065 0.0037 |95/95/95| 0.60662 0.00401  0.59779-0.61545  0.59416-0.61908
    47     13        12941| 0.6085 0.0057  0.6085 0.0060  0.6073 0.0039 |95/95/95| 0.60739 0.00425  0.59791-0.61687  0.59391-0.62087
    48     12        11937| 0.6103 0.0059  0.6105 0.0062  0.6076 0.0042 |95/95/95| 0.60780 0.00470  0.59718-0.61843  0.59254-0.62307
    49     11        10969| 0.6116 0.0063  0.6123 0.0065  0.6079 0.0046 |95/95/95| 0.60833 0.00532  0.59605-0.62061  0.59046-0.62620
    50     10         9940| 0.6124 0.0069  0.6131 0.0071  0.6089 0.0050 |95/95/95| 0.60932 0.00579  0.59562-0.62302  0.58904-0.62960
 -----------------------------------------------------------------------------------------------------------------------------------
    51      9         8942| 0.6130 0.0077  0.6143 0.0078  0.6074 0.0053 |99/95/95| 0.60497 0.00720  0.58736-0.62258  0.57828-0.63165
    52      8         7945| 0.6117 0.0086  0.6130 0.0088  0.6060 0.0058 |95/95/95| 0.60313 0.00795  0.58269-0.62357  0.57107-0.63519
    53      7         6915| 0.6104 0.0098  0.6116 0.0100  0.6075 0.0064 |95/95/95| 0.60358 0.00813  0.58101-0.62615  0.56615-0.64101
    54      6         5926| 0.6110 0.0116  0.6117 0.0118  0.6085 0.0075 |99/95/95| 0.60457 0.00806  0.57892-0.63022  0.55750-0.65164
    55      5         4959| 0.6066 0.0131  0.6066 0.0130  0.6040 0.0073 |95/95/95| 0.60359 0.00984  0.56124-0.64593  0.50591-0.70126
    56      4         3925| 0.5999 0.0145  0.5995 0.0142  0.5991 0.0070 |95/95/95| 0.59894 0.01242  0.44111-0.75677  0.00000-1.38946
    57      3         2953| 0.6071 0.0178  0.6059 0.0180  0.5987 0.0099 |
    58      2         2034| 0.5948 0.0224  0.5933 0.0222  0.5995 0.0171 |


 the minimum estimated standard deviation for the col/abs/tl keff estimator occurs with   3 inactive cycles and   57 active cycles.


 the first active half of the problem skips 10 cycles and uses  25 active cycles; the second half skips  35 and uses  25 cycles.
 the col/abs/trk-len keff, one standard deviation, and 68, 95, and 99 percent intervals for each active half of the problem are:

              problem        keff     standard deviation       68% confidence         95% confidence         99% confidence

            first half     0.60425         0.00147           0.60275 to 0.60575     0.60120 to 0.60731     0.60010 to 0.60840
           second half     0.60513         0.00299           0.60208 to 0.60817     0.59892 to 0.61133     0.59669 to 0.61356
          final result     0.60436         0.00158           0.60278 to 0.60595     0.60119 to 0.60753     0.60013 to 0.60859

 warning.  the ratio of the estimated standard deviations for the two halves of the problem is   2.033, which appears too large.

 the first and second half values of k(collision/absorption/track length) appear to be the same at the 68 percent confidence level.
1plot of the estimated col/abs/track-length keff one standard deviation interval by active cycle number (| = final keff =  0.60436)

 inactive   active 0.60                                             0.61                                              0.62  
   cycles   cycles  |------------------------------------------------|-------------------------------------------------|
        0       60  |                   |     (-------------------k-------------------)                                |
        1       59  |                   |   (---------k----------)                                                     |
        2       58  |                 (-|----k------)                                                                  |
        3       57  |              (----|-k------)                                                                     |
        4       56  |             (-----|k-------)                                                                     |
        5       55  |             (-----|k------)                                                                      |
        6       54  |             (-----|k------)                                                                      |
        7       53  |             (-----|k-------)                                                                     |
        8       52  |             (-----|k-------)                                                                     |
        9       51  +            (------|k-------)                                                                     +
       10       50  *           (-------k-------)                                                                      *
       11       49  |          (-------k|------)                                                                       |
       12       48  |          (-------k|------)                                                                       |
       13       47  |          (-------k|-------)                                                                      |
       14       46  |           (-------k--------)                                                                     |
       15       45  |           (-------|k--------)                                                                    |
       16       44  |          (--------k-------)                                                                      |
       17       43  |           (-------|k-------)                                                                     |
       18       42  |          (--------k--------)                                                                     |
       19       41  +         (---------k--------)                                                                     +
       20       40  |         (---------k--------)                                                                     |
       21       39  |        (---------k|-------)                                                                      |
       22       38  |        (---------k|--------)                                                                     |
       23       37  |          (--------|k---------)                                                                   |
       24       36  |           (-------|-k----------)                                                                 |
       25       35  |           (-------|--k----------)                                                                |
       26       34  |             (-----|----k----------)                                                              |
       27       33  |           (-------|---k-----------)                                                              |
       28       32  |            (------|----k-----------)                                                             |
       29       31  +          (--------|--k-----------)                                                               +
       30       30  |        (----------|-k------------)                                                               |
       31       29  |       (-----------|k------------)                                                                |
       32       28  |       (-----------|-k------------)                                                               |
       33       27  |      (------------|k-------------)                                                               |
       34       26  |         (---------|----k-------------)                                                           |
       35       25  |        (----------|---k--------------)                                                           |
       36       24  |          (--------|-----k-------------)                                                          |
       37       23  |                 (-|-----------k------------)                                                     |
       38       22  |                 (-|-----------k-------------)                                                    |
       39       21  +                (--|----------k-------------)                                                     +
       40       20  |                 (-|-----------k--------------)                                                   |
       41       19  |            (------|-------k--------------)                                                       |
       42       18  |           (-------|-------k---------------)                                                      |
       43       17  |           (-------|--------k----------------)                                                    |
       44       16  |         (---------|------k-----------------)                                                     |
       45       15  |          (--------|--------k------------------)                                                  |
       46       14  |           (-------|-----------k-------------------)                                              |
       47       13  |             (-----|--------------k---------------------)                                         |
       48       12  |             (-----|-----------------k----------------------)                                     |
       49       11  +             (-----|-------------------k--------------------------)                               +
       50       10  |               (---|------------------------k----------------------------)                        |
                    |------------------------------------------------|-------------------------------------------------|
                   0.60                                             0.61                                              0.62  

 ***********************************************************************************************************************

 dump no.    2 on file ref_r     nps =       59502     coll =         104750     ctm =        0.02   nrn =          
 1904306

          1 warning message so far.


 run terminated when      60 kcode cycles were done.

 computer time =    0.07 minutes

 mcnp     version 5     10072009                     11/27/09 00:20:12                     probid =  11/27/09 00:19:59 
