          Thread Name & Version = MCNP5_RSICC, 1.51
                                  _                                      
            ._ _    _  ._   ._   |_                                      
            | | |  (_  | |  |_)   _)                                     
                            |                                            
  +---------------------------------------------------------------------+
  | Copyright 2008. Los Alamos National Security, LLC.  All rights      |
  | reserved.                                                           |
  |   This material was produced under U.S. Government contract         |
  | DE-AC52-06NA25396 for Los Alamos National Laboratory, which is      |
  | operated by Los Alamos National Security, LLC, for the U.S.         |
  | Department of Los Energy. The Government is granted for itself and  |
  | others acting on its behalf a paid-up, nonexclusive, irrevocable    |
  | worldwide license in this material to reproduce, prepare derivative |
  | works, and perform publicly and display publicly. Beginning five    |
  | (5) years after 2008, subject to additional five-year worldwide     |
  | renewals, the Government is granted for itself and others acting on |
  | its behalf a paid-up, nonexclusive, irrevocable worldwide license   |
  | in this material to reproduce, prepare derivative works, distribute |
  | copies to the public, perform publicly and display publicly, and to |
  | permit others to do so. NEITHER THE UNITED STATES NOR THE UNITED    |
  | STATES DEPARTMENT OF ENERGY, NOR LOS ALAMOS NATIONAL SECURITY, LLC, |
  | NOR ANY OF THEIR EMPLOYEES, MAKES ANY WARRANTY, EXPRESS OR IMPLIED, |
  | OR ASSUMES ANY LEGAL LIABILITY OR RESPONSIBILITY FOR THE ACCURACY,  |
  | COMPLETENESS, OR USEFULNESS OF ANY INFORMATION, APPARATUS, PRODUCT, |
  | OR PROCESS DISCLOSED, OR REPRESENTS THAT ITS USE WOULD NOT INFRINGE |
  | PRIVATELY OWNED RIGHTS.                                             |
  +---------------------------------------------------------------------+
  
1mcnp     version 5     ld=10072009                     03/02/10 14:33:08 
 *************************************************************************                 probid =  03/02/10 14:33:08 
 i=ref_inp n=ref3_                                                               

      1-       NP beam in z-dir at two layered water spherical shells                          
      2-       1 0     -1       imp:n=1                                                        
      3-       2 1 -1  1 -2     imp:n=1                                                        
      4-       3 1 -1  2 -3     imp:n=1                                                        
      5-       4 0     3 -4  5  imp:n=1                                                        
      6-       5 0     3 -4 -5  imp:n=1                                                        
      7-       6 0     4        imp:n=0                                                        
      8-                                                                                       
      9-       1 so 1.000                                                                      
     10-       2 so 1.001                                                                      
     11-       3 so 1.002                                                                      
     12-       4 so 1.003                                                                      
     13-       5 pz 0.000                                                                      
     14-                                                                                       
     15-       f11:n 4                                                                         
     16-       fs11 -5                                                                         
     17-       nps 10000                                                                       
     18-       mode n                                                                          
     19-       sdef pos=0 0 0 vec= 0 0 1 dir=1 erg=0.025e-6                                    
     20-       m1   1001.66c 0.6667   8016.66c 0.3333                                          
1cells                                                                                                  print table 60

                      atom        gram                                     neutron                                     
        cell  mat    density     density     volume       mass     pieces importance                                   

     1     1    0  0.00000E+00 0.00000E+00 4.18879E+00 0.00000E+00     1  1.0000E+00                                   
     2     2    1  1.00317E-01 1.00000E+00 1.25789E-02 1.25789E-02     1  1.0000E+00                                   
     3     3    1  1.00317E-01 1.00000E+00 1.26041E-02 1.26041E-02     1  1.0000E+00                                   
     4     4    0  0.00000E+00 0.00000E+00 6.31464E-03 0.00000E+00     1  1.0000E+00                                   
     5     5    0  0.00000E+00 0.00000E+00 6.31464E-03 0.00000E+00     1  1.0000E+00                                   
     6     6    0  0.00000E+00 0.00000E+00 0.00000E+00 0.00000E+00     0  0.0000E+00                                   

 total                                     4.22660E+00 2.51830E-02

    minimum source weight = 1.0000E+00    maximum source weight = 1.0000E+00

 ***************************************************
 * Random Number Generator  =                    1 *
 * Random Number Seed       =       19073486328125 *
 * Random Number Multiplier =       19073486328125 *
 * Random Number Adder      =                    0 *
 * Random Number Bits Used  =                   48 *
 * Random Number Stride     =               152917 *
 ***************************************************

1cross-section tables                                                                                   print table 100

     table    length

                        tables from file c00740/endf66a                                                  

   1001.66c    5202  1-h-1 at 293.6K from endf-vi.6 (MOD) njoy99.50                               mat 125      07/18/01
   8016.66c  116851  8-o-16 at 293.6K from endf-vi.6 njoy99.50                                    mat 825      07/13/01

  total      122053

 ***********************************************************************************************************************

 dump no.    1 on file ref3_r     nps =           0     coll =              0     ctm =        0.00   nrn =             
    0
1problem summary                                                                                                           

      run terminated when       10000  particle histories were done.
+                                                                                                    03/02/10 14:33:08 
      NP beam in z-dir at two layered water spherical shells                               probid =  03/02/10 14:33:08 
0
 neutron creation    tracks      weight        energy            neutron loss        tracks      weight        energy
                                 (per source particle)                                           (per source particle)

 source               10000    1.0000E+00    2.5000E-08          escape               10000    9.9996E-01    2.5044E-08
                                                                 energy cutoff            0    0.            0.        
                                                                 time cutoff              0    0.            0.        
 weight window            0    0.            0.                  weight window            0    0.            0.        
 cell importance          0    0.            0.                  cell importance          0    0.            0.        
 weight cutoff            0    0.            0.                  weight cutoff            0    0.            0.        
 e or t importance        0    0.            0.                  e or t importance        0    0.            0.        
 dxtran                   0    0.            0.                  dxtran                   0    0.            0.        
 forced collisions        0    0.            0.                  forced collisions        0    0.            0.        
 exp. transform           0    0.            0.                  exp. transform           0    0.            0.        
 upscattering             0    0.            6.3126E-11          downscattering           0    0.            1.7835E-11
 photonuclear             0    0.            0.                  capture                  0    3.7155E-05    9.2887E-13
 (n,xn)                   0    0.            0.                  loss to (n,xn)           0    0.            0.        
 prompt fission           0    0.            0.                  loss to fission          0    0.            0.        
 delayed fission          0    0.            0.                                                                        
     total            10000    1.0000E+00    2.5063E-08              total            10000    1.0000E+00    2.5063E-08

   number of neutrons banked                       0        average time of (shakes)              cutoffs
   neutron tracks per source particle     1.0000E+00          escape            4.5907E+02          tco   1.0000E+33
   neutron collisions per source particle 3.7000E-03          capture           4.5777E+02          eco   0.0000E+00
   total neutron collisions                       37          capture or escape 4.5907E+02          wc1  -5.0000E-01
   net multiplication              1.0000E+00 0.0000          any termination   4.5907E+02          wc2  -2.5000E-01

 computer time so far in this run     0.01 minutes            maximum number ever in bank         0
 computer time in mcrun               0.00 minutes            bank overflows to backup file       0
 source particles per minute            6.0000E+05
 random numbers generated                    20632            most random numbers used was          35 in history        5632

 range of sampled source weights = 1.0000E+00 to 1.0000E+00
1neutron  activity in each cell                                                                         print table 126

                 tracks     population   collisions   collisions     number        flux        average      average
        cell    entering                               * weight     weighted     weighted   track weight   track mfp
                                                    (per history)    energy       energy     (relative)      (cm)

     1     1       10010        10000            0    0.0000E+00   2.4994E-08   2.5003E-08   9.9999E-01   0.0000E+00
     2     2       10016        10000           15    1.5000E-03   2.4968E-08   2.5051E-08   9.9989E-01   4.5868E-01
     3     3       10006        10000           22    2.2000E-03   2.4963E-08   2.5071E-08   9.9988E-01   4.5865E-01
     4     4        9999         9999            0    0.0000E+00   2.4959E-08   2.5062E-08   9.9989E-01   0.0000E+00
     5     5           1            1            0    0.0000E+00   4.3360E-09   4.3360E-09   9.8908E-01   0.0000E+00

     total         40032        40000           37    3.7000E-03

1tally  11        nps =       10000
           tally type 1    number of particles crossing a surface.                        
           tally for  neutrons 
 
 surface  4                                                                                                            
 segment:          -5                                                                                                  
                 9.89076E-05 0.9999
 
 surface  4                                                                                                            
 segment:           5                                                                                                  
                 9.99864E-01 0.0001


 ===================================================================================================================================

           results of 10 statistical checks for the estimated answer for the tally fluctuation chart (tfc) bin of tally  11

 tfc bin     --mean--      ---------relative error---------      ----variance of the variance----      --figure of merit--     -pdf-
 behavior    behavior      value   decrease   decrease rate      value   decrease   decrease rate       value     behavior     slope

 desired      random       <0.10      yes      1/sqrt(nps)       <0.10      yes        1/nps           constant    random      >3.00
 observed     random        0.00       no           no            0.99       no          no            decrease    random      10.00
 passed?        yes          yes       no           no              no       no          no                no        yes         yes

 ===================================================================================================================================


 warning.  the tally in the tally fluctuation chart bin did not pass  6 of the 10 statistical checks.

1analysis of the results in the tally fluctuation chart bin (tfc) for tally  11 with nps =       10000  print table 160


 normed average tally per history  = 9.99864E-01          unnormed average tally per history  = 9.99864E-01
 estimated tally relative error    = 0.0001               estimated variance of the variance  = 0.9919
 relative error from zero tallies  = 0.0001               relative error from nonzero scores  = 0.0000

 number of nonzero history tallies =        9999          efficiency for the nonzero tallies  = 0.9999
 history number of largest  tally  =           1          largest  unnormalized history tally = 1.00000E+00
 (largest  tally)/(average tally)  = 1.00014E+00          (largest  tally)/(avg nonzero tally)= 1.00004E+00

 (confidence interval shift)/mean  = 0.0000               shifted confidence interval center  = 9.99864E-01


 if the largest  history score sampled so far were to occur on the next history, the tfc bin quantities would change as follows:

      estimated quantities           value at nps           value at nps+1           value(nps+1)/value(nps)-1.

      mean                            9.99864E-01             9.99864E-01                     0.000000
      relative error                  1.00201E-04             1.00191E-04                    -0.000100
      variance of the variance        9.91897E-01             9.91897E-01                     0.000000
      shifted center                  9.99864E-01             9.99864E-01                     0.000000
      figure of merit                 8.78763E+10             8.78939E+10                     0.000200

 the 100 largest  history tallies appear to have a  maximum value of about 1.00000E+00
 the large score tail of the empirical history score probability density function appears to have no unsampled regions.

 fom = (histories/minute)*(f(x) signal-to-noise ratio)**2 = (8.823E+06)*( 9.980E+01)**2 = (8.823E+06)*(9.960E+03) = 8.788E+10

1unnormed tally density for tally  11            nonzero tally mean(m) = 1.000E+00   nps =       10000  print table 161

 abscissa              ordinate   log plot of tally probability density function in tally fluctuation chart bin(d=decade,slope=10.0)
  tally  number num den log den:d----------------------------------------d------------------------------------------d---------------
 1.00+00     36 1.75-02  -1.757 m                                        |                                          |               
 1.26+00   9963 3.85+00   0.585 *****************************************|******************************************|***************
  total    9999 1.00+00         d----------------------------------------d------------------------------------------d---------------

1status of the statistical checks used to form confidence intervals for the mean for each tally bin


 tally   result of statistical checks for the tfc bin (the first check not passed is listed) and error magnitude check for all bins

    11   missed  6 of 10 tfc bin checks: the relative error does not monotonically decrease over the last half of the problem      
         missed all bin error check:     2 tally bins had     0 bins with zeros and     1 bins with relative errors exceeding 0.10


 the 10 statistical checks are only for the tally fluctuation chart bin and do not apply to other tally bins.

 warning.     1 of the   1 tally fluctuation chart bins did not pass all 10 statistical checks.
 warning.     1 of the   1 tallies had bins with relative errors greater than recommended.
1tally fluctuation charts                         

                       tally   11
          nps      mean     error   vov  slope    fom
         1000   9.9995E-01 0.0000 0.0000 10.0 1.0E+30
         2000   9.9995E-01 0.0000 0.0000 10.0 1.0E+30
         3000   9.9995E-01 0.0000 0.0000 10.0 1.0E+30
         4000   9.9996E-01 0.0000 0.0000 10.0 1.0E+30
         5000   9.9996E-01 0.0000 0.0000 10.0 1.0E+30
         6000   9.9997E-01 0.0000 0.0000 10.0 1.0E+30
         7000   9.9997E-01 0.0000 0.0000 10.0 1.0E+30
         8000   9.9984E-01 0.0001 0.9932 10.0 7.4E+10
         9000   9.9985E-01 0.0001 0.9928 10.0 8.1E+10
        10000   9.9986E-01 0.0001 0.9919 10.0 8.8E+10

 ***********************************************************************************************************************

 dump no.    2 on file ref3_r     nps =       10000     coll =             37     ctm =        0.00   nrn =            
 20632

         3 warning messages so far.


 run terminated when       10000  particle histories were done.

 computer time =    0.01 minutes

 mcnp     version 5     10072009                     03/02/10 14:33:08                     probid =  03/02/10 14:33:08 
