          Thread Name & Version = MCNP5_RSICC, 1.51
                                  _                                      
            ._ _    _  ._   ._   |_                                      
            | | |  (_  | |  |_)   _)                                     
                            |                                            
  +---------------------------------------------------------------------+
  | Copyright 2008. Los Alamos National Security, LLC.  All rights      |
  | reserved.                                                           |
  |   This material was produced under U.S. Government contract         |
  | DE-AC52-06NA25396 for Los Alamos National Laboratory, which is      |
  | operated by Los Alamos National Security, LLC, for the U.S.         |
  | Department of Los Energy. The Government is granted for itself and  |
  | others acting on its behalf a paid-up, nonexclusive, irrevocable    |
  | worldwide license in this material to reproduce, prepare derivative |
  | works, and perform publicly and display publicly. Beginning five    |
  | (5) years after 2008, subject to additional five-year worldwide     |
  | renewals, the Government is granted for itself and others acting on |
  | its behalf a paid-up, nonexclusive, irrevocable worldwide license   |
  | in this material to reproduce, prepare derivative works, distribute |
  | copies to the public, perform publicly and display publicly, and to |
  | permit others to do so. NEITHER THE UNITED STATES NOR THE UNITED    |
  | STATES DEPARTMENT OF ENERGY, NOR LOS ALAMOS NATIONAL SECURITY, LLC, |
  | NOR ANY OF THEIR EMPLOYEES, MAKES ANY WARRANTY, EXPRESS OR IMPLIED, |
  | OR ASSUMES ANY LEGAL LIABILITY OR RESPONSIBILITY FOR THE ACCURACY,  |
  | COMPLETENESS, OR USEFULNESS OF ANY INFORMATION, APPARATUS, PRODUCT, |
  | OR PROCESS DISCLOSED, OR REPRESENTS THAT ITS USE WOULD NOT INFRINGE |
  | PRIVATELY OWNED RIGHTS.                                             |
  +---------------------------------------------------------------------+
  
1mcnp     version 5     ld=10072009                     02/25/10 16:19:25 
 *************************************************************************                 probid =  02/25/10 16:19:25 
 i=ref_inp n=ref2.                                                               

      1-       MCNP benchmark of thermal neutron beam grazing a water cylinder for DAGMC       
      2-       1  1 -1  -7 5 -6           imp:n=1                                              
      3-       2  0     1 -2 3 -4 5 -6 7  imp:n=1                                              
      4-       3  0     -1:2:-3:4:-5:6    imp:n=0                                              
      5-                                                                                       
      6-       1  px -2.5                                                                      
      7-       2  px  2.5                                                                      
      8-       3  py -2.5                                                                      
      9-       4  py  2.5                                                                      
     10-       5  pz -2.5                                                                      
     11-       6  pz  2.5                                                                      
     12-       7  cz  1                                                                        
     13-                                                                                       
     14-       f14:n 1  T                                                                      
     15-       f11:n 7  T                                                                      
     16-       f12:n 7  T                                                                      
     17-       nps 100000                                                                      
     18-       mode n                                                                          
     19-       sdef pos=-2.0 0.9999 0 vec=1 0 0 dir=1 erg=0.025e-6                             
     20-       m1  1001.66c  0.6667  8016.66c  0.3333                                          
1cells                                                                                                  print table 60

                      atom        gram                                     neutron                                     
        cell  mat    density     density     volume       mass     pieces importance                                   

     1     1    1  1.00317E-01 1.00000E+00 1.57080E+01 1.57080E+01     1  1.0000E+00                                   
     2     2    0  0.00000E+00 0.00000E+00 0.00000E+00 0.00000E+00     0  1.0000E+00                                   
     3     3    0  0.00000E+00 0.00000E+00 0.00000E+00 0.00000E+00     0  0.0000E+00                                   

 total                                     1.57080E+01 1.57080E+01

    minimum source weight = 1.0000E+00    maximum source weight = 1.0000E+00

 ***************************************************
 * Random Number Generator  =                    1 *
 * Random Number Seed       =       19073486328125 *
 * Random Number Multiplier =       19073486328125 *
 * Random Number Adder      =                    0 *
 * Random Number Bits Used  =                   48 *
 * Random Number Stride     =               152917 *
 ***************************************************

1cross-section tables                                                                                   print table 100

     table    length

                        tables from file c00740/endf66a                                                  

   1001.66c    5202  1-h-1 at 293.6K from endf-vi.6 (MOD) njoy99.50                               mat 125      07/18/01
   8016.66c  116851  8-o-16 at 293.6K from endf-vi.6 njoy99.50                                    mat 825      07/13/01

  total      122053

 ***********************************************************************************************************************

 dump no.    1 on file ref2.r     nps =           0     coll =              0     ctm =        0.00   nrn =             
    0
1problem summary                                                                                                           

      run terminated when      100000  particle histories were done.
+                                                                                                    02/25/10 16:19:30 
      MCNP benchmark of thermal neutron beam grazing a water cylinder for DAGMC            probid =  02/25/10 16:19:25 
0
 neutron creation    tracks      weight        energy            neutron loss        tracks      weight        energy
                                 (per source particle)                                           (per source particle)

 source              100000    1.0000E+00    2.5000E-08          escape              100000    9.9844E-01    2.5806E-08
                                                                 energy cutoff            0    0.            0.        
                                                                 time cutoff              0    0.            0.        
 weight window            0    0.            0.                  weight window            0    0.            0.        
 cell importance          0    0.            0.                  cell importance          0    0.            0.        
 weight cutoff            0    0.            0.                  weight cutoff            0    0.            0.        
 e or t importance        0    0.            0.                  e or t importance        0    0.            0.        
 dxtran                   0    0.            0.                  dxtran                   0    0.            0.        
 forced collisions        0    0.            0.                  forced collisions        0    0.            0.        
 exp. transform           0    0.            0.                  exp. transform           0    0.            0.        
 upscattering             0    0.            2.0858E-09          downscattering           0    0.            1.2326E-09
 photonuclear             0    0.            0.                  capture                  0    1.5590E-03    4.6868E-11
 (n,xn)                   0    0.            0.                  loss to (n,xn)           0    0.            0.        
 prompt fission           0    0.            0.                  loss to fission          0    0.            0.        
 delayed fission          0    0.            0.                                                                        
     total           100000    1.0000E+00    2.7086E-08              total           100000    1.0000E+00    2.7086E-08

   number of neutrons banked                       0        average time of (shakes)              cutoffs
   neutron tracks per source particle     1.0000E+00          escape            2.0738E+03          tco   1.0000E+33
   neutron collisions per source particle 1.6084E-01          capture           1.2975E+03          eco   0.0000E+00
   total neutron collisions                    16084          capture or escape 2.0726E+03          wc1  -5.0000E-01
   net multiplication              1.0000E+00 0.0000          any termination   2.0726E+03          wc2  -2.5000E-01

 computer time so far in this run     0.03 minutes            maximum number ever in bank         0
 computer time in mcrun               0.02 minutes            bank overflows to backup file       0
 source particles per minute            4.9339E+06
 random numbers generated                   379571            most random numbers used was         502 in history       33742

 range of sampled source weights = 1.0000E+00 to 1.0000E+00
1neutron  activity in each cell                                                                         print table 126

                 tracks     population   collisions   collisions     number        flux        average      average
        cell    entering                               * weight     weighted     weighted   track weight   track mfp
                                                    (per history)    energy       energy     (relative)      (cm)

     1     1      100000       100000        16084    1.5674E-01   3.0205E-08   3.7184E-08   9.7440E-01   4.7691E-01
     2     2      199955       100000            0    0.0000E+00   2.5121E-08   2.5426E-08   9.9924E-01   0.0000E+00

     total        299955       200000        16084    1.5674E-01

1tally  11        nps =      100000
           tally type 1    number of particles crossing a surface.                        
           tally for  neutrons 
 
 surface  7                                                                                                            
                 1.99802E+00 0.0000
 
 surface union total                                                                                                   
                 1.99802E+00 0.0000


 ===================================================================================================================================

           results of 10 statistical checks for the estimated answer for the tally fluctuation chart (tfc) bin of tally  11

 tfc bin     --mean--      ---------relative error---------      ----variance of the variance----      --figure of merit--     -pdf-
 behavior    behavior      value   decrease   decrease rate      value   decrease   decrease rate       value     behavior     slope

 desired      random       <0.10      yes      1/sqrt(nps)       <0.10      yes        1/nps           constant    random      >3.00
 observed     random        0.00      yes          yes            0.00      yes         yes            constant    random      10.00
 passed?        yes          yes      yes          yes             yes      yes         yes               yes        yes         yes

 ===================================================================================================================================


 this tally meets the statistical criteria used to form confidence intervals: check the tally fluctuation chart to verify.
 the results in other bins associated with this tally may not meet these statistical criteria.

 ----- estimated confidence intervals:  -----

 estimated asymmetric confidence interval(1,2,3 sigma): 1.9980E+00 to 1.9980E+00; 1.9980E+00 to 1.9980E+00; 1.9980E+00 to 1.9980E+00
 estimated  symmetric confidence interval(1,2,3 sigma): 1.9980E+00 to 1.9980E+00; 1.9980E+00 to 1.9980E+00; 1.9980E+00 to 1.9980E+00

1analysis of the results in the tally fluctuation chart bin (tfc) for tally  11 with nps =      100000  print table 160


 normed average tally per history  = 1.99802E+00          unnormed average tally per history  = 1.99802E+00
 estimated tally relative error    = 0.0000               estimated variance of the variance  = 0.0000
 relative error from zero tallies  = 0.0000               relative error from nonzero scores  = 0.0000

 number of nonzero history tallies =      100000          efficiency for the nonzero tallies  = 1.0000
 history number of largest  tally  =           1          largest  unnormalized history tally = 2.00000E+00
 (largest  tally)/(average tally)  = 1.00099E+00          (largest  tally)/(avg nonzero tally)= 1.00099E+00

 (confidence interval shift)/mean  = 0.0000               shifted confidence interval center  = 1.99802E+00


 if the largest  history score sampled so far were to occur on the next history, the tfc bin quantities would change as follows:

      estimated quantities           value at nps           value at nps+1           value(nps+1)/value(nps)-1.

      mean                            1.99802E+00             1.99802E+00                     0.000000
      relative error                  0.00000E+00             0.00000E+00                     0.000000
      variance of the variance        0.00000E+00             0.00000E+00                     0.000000
      shifted center                  1.99802E+00             1.99802E+00                     0.000000
      figure of merit                 1.00000E+30             1.00000E+30                     0.000000

 the 100 largest  history tallies appear to have a  maximum value of about 2.00000E+00
 the history score probability density function appears to have an unsampled region at the largest  history scores:
 please examine. see print table 161.

 fom = (histories/minute)*(f(x) signal-to-noise ratio)**2 = (4.934E+06)*( 4.502E+11)**2 = (4.934E+06)*(2.027E+23) = 1.000E+30

1tally  12        nps =      100000
           tally type 2    particle flux averaged over a surface.       units   1/cm**2   
           tally for  neutrons 

           areas   
                surface:       7          total                                                                    
                         3.14159E+01  3.14159E+01
 
 surface  7                                                                                                            
                 1.24265E+00 0.0003
 
 surface union total                                                                                                   
                 1.24265E+00 0.0003


 ===================================================================================================================================

           results of 10 statistical checks for the estimated answer for the tally fluctuation chart (tfc) bin of tally  12

 tfc bin     --mean--      ---------relative error---------      ----variance of the variance----      --figure of merit--     -pdf-
 behavior    behavior      value   decrease   decrease rate      value   decrease   decrease rate       value     behavior     slope

 desired      random       <0.10      yes      1/sqrt(nps)       <0.10      yes        1/nps           constant    random      >3.00
 observed     random        0.00      yes          yes            0.00      yes         yes            constant    random      10.00
 passed?        yes          yes      yes          yes             yes      yes         yes               yes        yes         yes

 ===================================================================================================================================


 this tally meets the statistical criteria used to form confidence intervals: check the tally fluctuation chart to verify.
 the results in other bins associated with this tally may not meet these statistical criteria.

 ----- estimated confidence intervals:  -----

 estimated asymmetric confidence interval(1,2,3 sigma): 1.2422E+00 to 1.2431E+00; 1.2418E+00 to 1.2435E+00; 1.2414E+00 to 1.2439E+00
 estimated  symmetric confidence interval(1,2,3 sigma): 1.2422E+00 to 1.2431E+00; 1.2418E+00 to 1.2435E+00; 1.2414E+00 to 1.2439E+00

1analysis of the results in the tally fluctuation chart bin (tfc) for tally  12 with nps =      100000  print table 160


 normed average tally per history  = 1.24265E+00          unnormed average tally per history  = 3.90391E+01
 estimated tally relative error    = 0.0003               estimated variance of the variance  = 0.0002
 relative error from zero tallies  = 0.0000               relative error from nonzero scores  = 0.0003

 number of nonzero history tallies =      100000          efficiency for the nonzero tallies  = 1.0000
 history number of largest  tally  =           1          largest  unnormalized history tally = 4.00000E+01
 (largest  tally)/(average tally)  = 1.02461E+00          (largest  tally)/(avg nonzero tally)= 1.02461E+00

 (confidence interval shift)/mean  = 0.0000               shifted confidence interval center  = 1.24265E+00


 if the largest  history score sampled so far were to occur on the next history, the tfc bin quantities would change as follows:

      estimated quantities           value at nps           value at nps+1           value(nps+1)/value(nps)-1.

      mean                            1.24265E+00             1.24265E+00                     0.000000
      relative error                  3.25433E-04             3.25430E-04                    -0.000010
      variance of the variance        1.60168E-04             1.60169E-04                     0.000002
      shifted center                  1.24265E+00             1.24265E+00                     0.000000
      figure of merit                 4.65873E+08             4.65883E+08                     0.000020

 the 100 largest  history tallies appear to have a  maximum value of about 4.00000E+01
 the large score tail of the empirical history score probability density function appears to have no unsampled regions.

 fom = (histories/minute)*(f(x) signal-to-noise ratio)**2 = (4.934E+06)*( 9.717E+00)**2 = (4.934E+06)*(9.442E+01) = 4.659E+08

1tally  14        nps =      100000
           tally type 4    track length estimate of particle flux.      units   1/cm**2   
           tally for  neutrons 

           volumes 
                   cell:       1          total                                                                    
                         1.57080E+01  1.57080E+01
 
 cell  1                                                                                                               
                 4.57444E-03 0.0153
 
 cell union total                                                                                                      
                 4.57444E-03 0.0153


 ===================================================================================================================================

           results of 10 statistical checks for the estimated answer for the tally fluctuation chart (tfc) bin of tally  14

 tfc bin     --mean--      ---------relative error---------      ----variance of the variance----      --figure of merit--     -pdf-
 behavior    behavior      value   decrease   decrease rate      value   decrease   decrease rate       value     behavior     slope

 desired      random       <0.10      yes      1/sqrt(nps)       <0.10      yes        1/nps           constant    random      >3.00
 observed     random        0.02      yes          yes            0.00      yes         yes            constant    random      10.00
 passed?        yes          yes      yes          yes             yes      yes         yes               yes        yes         yes

 ===================================================================================================================================


 this tally meets the statistical criteria used to form confidence intervals: check the tally fluctuation chart to verify.
 the results in other bins associated with this tally may not meet these statistical criteria.

 ----- estimated confidence intervals:  -----

 estimated asymmetric confidence interval(1,2,3 sigma): 4.5056E-03 to 4.6456E-03; 4.4357E-03 to 4.7156E-03; 4.3657E-03 to 4.7856E-03
 estimated  symmetric confidence interval(1,2,3 sigma): 4.5045E-03 to 4.6444E-03; 4.4345E-03 to 4.7144E-03; 4.3645E-03 to 4.7844E-03

1analysis of the results in the tally fluctuation chart bin (tfc) for tally  14 with nps =      100000  print table 160


 normed average tally per history  = 4.57444E-03          unnormed average tally per history  = 7.18551E-02
 estimated tally relative error    = 0.0153               estimated variance of the variance  = 0.0015
 relative error from zero tallies  = 0.0000               relative error from nonzero scores  = 0.0153

 number of nonzero history tallies =      100000          efficiency for the nonzero tallies  = 1.0000
 history number of largest  tally  =       51384          largest  unnormalized history tally = 8.47297E+00
 (largest  tally)/(average tally)  = 1.17918E+02          (largest  tally)/(avg nonzero tally)= 1.17918E+02

 (confidence interval shift)/mean  = 0.0003               shifted confidence interval center  = 4.57563E-03


 if the largest  history score sampled so far were to occur on the next history, the tfc bin quantities would change as follows:

      estimated quantities           value at nps           value at nps+1           value(nps+1)/value(nps)-1.

      mean                            4.57444E-03             4.57978E-03                     0.001169
      relative error                  1.52966E-02             1.53231E-02                     0.001736
      variance of the variance        1.45377E-03             1.47045E-03                     0.011471
      shifted center                  4.57563E-03             4.57564E-03                     0.000002
      figure of merit                 2.10864E+05             2.10134E+05                    -0.003462

 the estimated slope of the 200 largest  tallies starting at  3.90123E+00 appears to be decreasing at least exponentially.
 the large score tail of the empirical history score probability density function appears to have no unsampled regions.

 fom = (histories/minute)*(f(x) signal-to-noise ratio)**2 = (4.934E+06)*( 2.067E-01)**2 = (4.934E+06)*(4.274E-02) = 2.109E+05

1status of the statistical checks used to form confidence intervals for the mean for each tally bin


 tally   result of statistical checks for the tfc bin (the first check not passed is listed) and error magnitude check for all bins

    11   passed the 10 statistical checks for the tally fluctuation chart bin result               
         passed all bin error check:     2 tally bins all have relative errors less than 0.10 with no zero bins

    12   passed the 10 statistical checks for the tally fluctuation chart bin result               
         passed all bin error check:     2 tally bins all have relative errors less than 0.10 with no zero bins

    14   passed the 10 statistical checks for the tally fluctuation chart bin result               
         passed all bin error check:     2 tally bins all have relative errors less than 0.10 with no zero bins


 the 10 statistical checks are only for the tally fluctuation chart bin and do not apply to other tally bins.

1tally fluctuation charts                         

                       tally   11                                tally   12                                tally   14
          nps      mean     error   vov  slope    fom      mean     error   vov  slope    fom      mean     error   vov  slope    fom
         8000   1.9984E+00 0.0000 0.0000 10.0 1.0E+30   1.2429E+00 0.0011 0.0020 10.0 4.7E+08   4.6812E-03 0.0535 0.0172 10.0  218055
        16000   1.9981E+00 0.0000 0.0000 10.0 1.0E+30   1.2430E+00 0.0008 0.0010 10.0 4.7E+08   4.5614E-03 0.0379 0.0091 10.0  212554
        24000   1.9981E+00 0.0000 0.0000 10.0 1.0E+30   1.2422E+00 0.0007 0.0007 10.0 4.6E+08   4.5452E-03 0.0309 0.0058 10.0  214539
        32000   1.9980E+00 0.0000 0.0000 10.0 1.0E+30   1.2422E+00 0.0006 0.0005 10.0 4.6E+08   4.5166E-03 0.0265 0.0042 10.0  219829
        40000   1.9980E+00 0.0000 0.0000 10.0 1.0E+30   1.2425E+00 0.0005 0.0004 10.0 4.6E+08   4.5808E-03 0.0240 0.0033 10.0  211937
        48000   1.9980E+00 0.0000 0.0000 10.0 1.0E+30   1.2428E+00 0.0005 0.0003 10.0 4.7E+08   4.5493E-03 0.0219 0.0028 10.0  213054
        56000   1.9980E+00 0.0000 0.0000 10.0 1.0E+30   1.2426E+00 0.0004 0.0003 10.0 4.6E+08   4.5600E-03 0.0203 0.0025 10.0  212999
        64000   1.9980E+00 0.0000 0.0000 10.0 1.0E+30   1.2427E+00 0.0004 0.0003 10.0 4.7E+08   4.5627E-03 0.0190 0.0022 10.0  213137
        72000   1.9980E+00 0.0000 0.0000 10.0 1.0E+30   1.2425E+00 0.0004 0.0002 10.0 4.6E+08   4.5432E-03 0.0178 0.0019 10.0  216131
        80000   1.9980E+00 0.0000 0.0000 10.0 1.0E+30   1.2426E+00 0.0004 0.0002 10.0 4.7E+08   4.5800E-03 0.0170 0.0018 10.0  212948
        88000   1.9980E+00 0.0000 0.0000 10.0 1.0E+30   1.2425E+00 0.0003 0.0002 10.0 4.6E+08   4.5984E-03 0.0163 0.0016 10.0  210926
        96000   1.9980E+00 0.0000 0.0000 10.0 1.0E+30   1.2426E+00 0.0003 0.0002 10.0 4.7E+08   4.5746E-03 0.0156 0.0015 10.0  211991
       100000   1.9980E+00 0.0000 0.0000 10.0 1.0E+30   1.2427E+00 0.0003 0.0002 10.0 4.7E+08   4.5744E-03 0.0153 0.0015 10.0  210864

 ***********************************************************************************************************************

 dump no.    2 on file ref2.r     nps =      100000     coll =          16084     ctm =        0.02   nrn =           
 379571


 run terminated when      100000  particle histories were done.

 computer time =    0.03 minutes

 mcnp     version 5     10072009                     02/25/10 16:19:30                     probid =  02/25/10 16:19:25 
